/home/alexf/claude-env/lib/python3.12/site-packages/pytest_asyncio/plugin.py:208: PytestDeprecationWarning: The configuration option "asyncio_default_fixture_loop_scope" is unset.
The event loop scope for asynchronous fixtures will default to the fixture caching scope. Future versions of pytest-asyncio will default the loop scope for asynchronous fixtures to function scope. Set the default fixture loop scope explicitly in order to avoid unexpected behavior in the future. Valid fixture loop scopes are: "function", "class", "module", "package", "session"

  warnings.warn(PytestDeprecationWarning(_DEFAULT_FIXTURE_LOOP_SCOPE_UNSET))
============================= test session starts ==============================
platform linux -- Python 3.12.3, pytest-8.3.5, pluggy-1.6.0 -- /home/alexf/claude-env/bin/python
cachedir: .pytest_cache
benchmark: 5.1.0 (defaults: timer=time.perf_counter disable_gc=False min_rounds=5 min_time=0.000005 max_time=1.0 calibration_precision=10 warmup=False warmup_iterations=100000)
hypothesis profile 'default'
Matplotlib: 3.10.3
Freetype: 2.6.1
PyQt6 6.9.0 -- Qt runtime 6.9.0 -- Qt compiled 6.9.0
metadata: {'Python': '3.12.3', 'Platform': 'Linux-5.15.167.4-microsoft-standard-WSL2-x86_64-with-glibc2.39', 'Packages': {'pytest': '8.3.5', 'pluggy': '1.6.0'}, 'Plugins': {'benchmark': '5.1.0', 'hypothesis': '6.131.28', 'rerunfailures': '15.1', 'anyio': '4.9.0', 'reverse': '1.8.0', 'mock': '3.14.0', 'mpl': '0.17.0', 'qt': '4.4.0', 'xdist': '3.7.0', 'Faker': '37.3.0', 'timeout': '2.4.0', 'cov': '6.1.1', 'asyncio': '1.0.0', 'html': '4.1.1', 'metadata': '3.1.1'}}
rootdir: /mnt/c/Users/alexf/OneDrive/Documents/Projects/Apple Health Exports
configfile: pytest.ini
plugins: benchmark-5.1.0, hypothesis-6.131.28, rerunfailures-15.1, anyio-4.9.0, reverse-1.8.0, mock-3.14.0, mpl-0.17.0, qt-4.4.0, xdist-3.7.0, Faker-37.3.0, timeout-2.4.0, cov-6.1.1, asyncio-1.0.0, html-4.1.1, metadata-3.1.1
asyncio: mode=Mode.STRICT, asyncio_default_fixture_loop_scope=None, asyncio_default_test_loop_scope=function
collecting ... collected 896 items

tests/unit/test_accessibility_compliance.py::TestVisualizationAccessibilityManager::test_initialization PASSED [  0%]
tests/unit/test_accessibility_compliance.py::TestVisualizationAccessibilityManager::test_make_chart_accessible PASSED [  0%]
tests/unit/test_accessibility_compliance.py::TestVisualizationAccessibilityManager::test_accessibility_validation PASSED [  0%]
tests/unit/test_accessibility_compliance.py::TestWCAGValidator::test_wcag_validation PASSED [  0%]
tests/unit/test_accessibility_compliance.py::TestWCAGValidator::test_contrast_requirements PASSED [  0%]
tests/unit/test_accessibility_compliance.py::TestColorAccessibilityManager::test_contrast_calculation PASSED [  0%]
tests/unit/test_accessibility_compliance.py::TestColorAccessibilityManager::test_colorblind_palettes PASSED [  0%]
tests/unit/test_accessibility_compliance.py::TestColorAccessibilityManager::test_high_contrast_palette PASSED [  0%]
tests/unit/test_accessibility_compliance.py::TestColorAccessibilityManager::test_color_enhancement PASSED [  1%]
tests/unit/test_accessibility_compliance.py::TestScreenReaderSupport::test_chart_description_creation PASSED [  1%]
tests/unit/test_accessibility_compliance.py::TestScreenReaderSupport::test_announcement_queue PASSED [  1%]
tests/unit/test_accessibility_compliance.py::TestKeyboardNavigation::test_default_shortcuts PASSED [  1%]
tests/unit/test_accessibility_compliance.py::TestKeyboardNavigation::test_shortcut_descriptions PASSED [  1%]
tests/unit/test_accessibility_compliance.py::TestAccessibleChartMixin::test_basic_accessibility_setup PASSED [  1%]
tests/unit/test_accessibility_compliance.py::TestAccessibleChartMixin::test_keyboard_navigation PASSED [  1%]
tests/unit/test_accessibility_compliance.py::TestAccessibleChartMixin::test_high_contrast_toggle PASSED [  1%]
tests/unit/test_accessibility_compliance.py::TestAccessibleChartMixin::test_announcements PASSED [  1%]
tests/unit/test_accessibility_compliance.py::TestAlternativeRepresentations::test_data_table_creation PASSED [  2%]
tests/unit/test_accessibility_compliance.py::TestAlternativeRepresentations::test_sonification_basic PASSED [  2%]
tests/unit/test_accessibility_compliance.py::TestAlternativeRepresentations::test_haptic_feedback_generation PASSED [  2%]
tests/unit/test_accessibility_compliance.py::TestIntegration::test_full_accessibility_workflow PASSED [  2%]
tests/unit/test_accessibility_compliance.py::TestIntegration::test_wcag_compliance_reporting PASSED [  2%]
tests/unit/test_activity_timeline_component.py::TestActivityTimelineComponent::test_initialization PASSED [  2%]
tests/unit/test_activity_timeline_component.py::TestActivityTimelineComponent::test_view_mode_switching PASSED [  2%]
tests/unit/test_activity_timeline_component.py::TestActivityTimelineComponent::test_time_grouping_changes PASSED [  2%]
tests/unit/test_activity_timeline_component.py::TestActivityTimelineComponent::test_data_update PASSED [  2%]
tests/unit/test_activity_timeline_component.py::TestActivityTimelineComponent::test_activity_pattern_detection PASSED [  3%]
tests/unit/test_activity_timeline_component.py::TestActivityTimelineComponent::test_clustering_toggle PASSED [  3%]
tests/unit/test_activity_timeline_component.py::TestActivityTimelineComponent::test_correlation_calculation PASSED [  3%]
tests/unit/test_activity_timeline_component.py::TestActivityTimelineComponent::test_info_panel_updates PASSED [  3%]
tests/unit/test_activity_timeline_component.py::TestActivityTimelineComponent::test_empty_data_handling PASSED [  3%]
tests/unit/test_activity_timeline_component.py::TestActivityTimelineComponent::test_sparse_data_handling PASSED [  3%]
tests/unit/test_activity_timeline_component.py::TestActivityTimelineComponent::test_time_range_signal PASSED [  3%]
tests/unit/test_activity_timeline_component.py::TestActivityTimelineComponent::test_ml_clustering_edge_cases PASSED [  3%]
tests/unit/test_activity_timeline_component.py::TestActivityTimelineComponent::test_color_interpolation PASSED [  3%]
tests/unit/test_activity_timeline_component.py::TestTimelineVisualizationWidget::test_paint_event_switching PASSED [  4%]
tests/unit/test_activity_timeline_component.py::TestTimelineVisualizationWidget::test_mouse_interaction PASSED [  4%]
tests/unit/test_activity_timeline_component.py::TestWSJStyling::test_color_palette PASSED [  4%]
tests/unit/test_activity_timeline_component.py::TestWSJStyling::test_stylesheet_application PASSED [  4%]
tests/unit/test_adaptive_display_logic.py::TestDataAvailabilityService::test_initialization PASSED [  4%]
tests/unit/test_adaptive_display_logic.py::TestDataAvailabilityService::test_callback_registration PASSED [  4%]
tests/unit/test_adaptive_display_logic.py::TestDataAvailabilityService::test_cache_invalidation PASSED [  4%]
tests/unit/test_adaptive_display_logic.py::TestDataAvailabilityService::test_scan_availability_empty_database PASSED [  4%]
tests/unit/test_adaptive_display_logic.py::TestDataAvailabilityService::test_scan_availability_with_data PASSED [  4%]
tests/unit/test_adaptive_display_logic.py::TestDataAvailabilityService::test_availability_level_determination PASSED [  5%]
tests/unit/test_adaptive_display_logic.py::TestDataAvailabilityService::test_get_available_ranges_no_data PASSED [  5%]
tests/unit/test_adaptive_display_logic.py::TestDataAvailabilityService::test_get_available_ranges_with_data PASSED [  5%]
tests/unit/test_adaptive_display_logic.py::TestDataAvailabilityService::test_suggest_default_range PASSED [  5%]
tests/unit/test_adaptive_display_logic.py::TestDataAvailabilityService::test_edge_case_future_dates PASSED [  5%]
tests/unit/test_adaptive_display_logic.py::TestDataAvailabilityService::test_gap_detection PASSED [  5%]
tests/unit/test_adaptive_display_logic.py::TestDataAvailabilityService::test_cache_validity PASSED [  5%]
tests/unit/test_adaptive_display_logic.py::TestAvailabilityLevels::test_availability_level_enum PASSED [  5%]
tests/unit/test_adaptive_display_logic.py::TestAvailabilityLevels::test_time_range_enum PASSED [  5%]
tests/unit/test_adaptive_display_logic.py::TestDataRange::test_data_range_creation PASSED [  6%]
tests/unit/test_adaptive_display_logic.py::TestRangeAvailability::test_range_availability_creation PASSED [  6%]
tests/unit/test_analytics_optimized.py::TestAnalyticsComponents::test_empty_data_handling PASSED [  6%]
tests/unit/test_analytics_optimized.py::TestAnalyticsComponents::test_null_handling PASSED [  6%]
tests/unit/test_analytics_optimized.py::TestAnalyticsComponents::test_single_data_point PASSED [  6%]
tests/unit/test_analytics_optimized.py::TestAnalyticsComponents::test_calculation_consistency PASSED [  6%]
tests/unit/test_analytics_optimized.py::TestCorrelationAnalysis::test_empty_data_handling PASSED [  6%]
tests/unit/test_analytics_optimized.py::TestCorrelationAnalysis::test_null_handling PASSED [  6%]
tests/unit/test_analytics_optimized.py::TestCorrelationAnalysis::test_single_data_point PASSED [  6%]
tests/unit/test_analytics_optimized.py::TestCorrelationAnalysis::test_calculation_consistency PASSED [  7%]
tests/unit/test_analytics_optimized.py::TestCorrelationAnalysis::test_correlation_initialization[sample_analytics_data-6] PASSED [  7%]
tests/unit/test_analytics_optimized.py::TestCorrelationAnalysis::test_correlation_initialization[time_series_data-3] PASSED [  7%]
tests/unit/test_analytics_optimized.py::TestCorrelationAnalysis::test_correlation_methods[pearson-3] PASSED [  7%]
tests/unit/test_analytics_optimized.py::TestCorrelationAnalysis::test_correlation_methods[spearman-3] PASSED [  7%]
tests/unit/test_analytics_optimized.py::TestCorrelationAnalysis::test_strong_correlations_thresholds[0.3-2] PASSED [  7%]
tests/unit/test_analytics_optimized.py::TestCorrelationAnalysis::test_strong_correlations_thresholds[0.5-1] PASSED [  7%]
tests/unit/test_analytics_optimized.py::TestCorrelationAnalysis::test_strong_correlations_thresholds[0.8-0] PASSED [  7%]
tests/unit/test_analytics_optimized.py::TestCorrelationAnalysis::test_time_lagged_correlations PASSED [  7%]
tests/unit/test_analytics_optimized.py::TestAnomalyDetection::test_empty_data_handling PASSED [  8%]
tests/unit/test_analytics_optimized.py::TestAnomalyDetection::test_null_handling PASSED [  8%]
tests/unit/test_analytics_optimized.py::TestAnomalyDetection::test_single_data_point PASSED [  8%]
tests/unit/test_analytics_optimized.py::TestAnomalyDetection::test_calculation_consistency PASSED [  8%]
tests/unit/test_analytics_optimized.py::TestAnomalyDetection::test_detection_methods[DetectionMethod.ZSCORE-1] PASSED [  8%]
tests/unit/test_analytics_optimized.py::TestAnomalyDetection::test_detection_methods[DetectionMethod.MODIFIED_ZSCORE-1] PASSED [  8%]
tests/unit/test_analytics_optimized.py::TestAnomalyDetection::test_detection_methods[DetectionMethod.IQR-1] PASSED [  8%]
tests/unit/test_analytics_optimized.py::TestAnomalyDetection::test_threshold_sensitivity[2.0-5] PASSED [  8%]
tests/unit/test_analytics_optimized.py::TestAnomalyDetection::test_threshold_sensitivity[3.0-3] PASSED [  8%]
tests/unit/test_analytics_optimized.py::TestAnomalyDetection::test_threshold_sensitivity[4.0-1] PASSED [  9%]
tests/unit/test_analytics_optimized.py::TestAnomalyDetection::test_anomaly_severity_classification PASSED [  9%]
tests/unit/test_analytics_optimized.py::TestCausalityDetection::test_empty_data_handling PASSED [  9%]
tests/unit/test_analytics_optimized.py::TestCausalityDetection::test_null_handling PASSED [  9%]
tests/unit/test_analytics_optimized.py::TestCausalityDetection::test_single_data_point PASSED [  9%]
tests/unit/test_analytics_optimized.py::TestCausalityDetection::test_calculation_consistency PASSED [  9%]
tests/unit/test_analytics_optimized.py::TestCausalityDetection::test_granger_causality[exercise_minutes-weight-3] PASSED [  9%]
tests/unit/test_analytics_optimized.py::TestCausalityDetection::test_granger_causality[sleep_hours-heart_rate-1] PASSED [  9%]
tests/unit/test_analytics_optimized.py::TestCausalityDetection::test_causality_methods[granger] PASSED [  9%]
tests/unit/test_analytics_optimized.py::TestCausalityDetection::test_causality_methods[bidirectional] PASSED [ 10%]
tests/unit/test_analytics_optimized.py::TestCausalityDetection::test_causality_methods[network] PASSED [ 10%]
tests/unit/test_analytics_optimized.py::TestCausalityDetection::test_causal_network_discovery PASSED [ 10%]
tests/unit/test_analytics_optimized.py::TestAnalyticsIntegration::test_empty_data_handling PASSED [ 10%]
tests/unit/test_analytics_optimized.py::TestAnalyticsIntegration::test_null_handling PASSED [ 10%]
tests/unit/test_analytics_optimized.py::TestAnalyticsIntegration::test_single_data_point PASSED [ 10%]
tests/unit/test_analytics_optimized.py::TestAnalyticsIntegration::test_calculation_consistency PASSED [ 10%]
tests/unit/test_analytics_optimized.py::TestAnalyticsIntegration::test_correlation_anomaly_integration PASSED [ 10%]
tests/unit/test_analytics_optimized.py::TestAnalyticsIntegration::test_rolling_analytics[30] PASSED [ 10%]
tests/unit/test_analytics_optimized.py::TestAnalyticsIntegration::test_rolling_analytics[60] PASSED [ 11%]
tests/unit/test_analytics_optimized.py::TestAnalyticsIntegration::test_rolling_analytics[90] PASSED [ 11%]
tests/unit/test_analytics_optimized.py::TestAnalyticsIntegration::test_analytics_system_factory PASSED [ 11%]
tests/unit/test_analytics_optimized.py::TestAnalyticsPerformance::test_correlation_performance[100] PASSED [ 11%]
tests/unit/test_analytics_optimized.py::TestAnalyticsPerformance::test_correlation_performance[500] PASSED [ 11%]
tests/unit/test_analytics_optimized.py::TestAnalyticsPerformance::test_correlation_performance[1000] PASSED [ 11%]
tests/unit/test_analytics_optimized.py::TestAnalyticsPerformance::test_anomaly_detection_scalability[5] PASSED [ 11%]
tests/unit/test_analytics_optimized.py::TestAnalyticsPerformance::test_anomaly_detection_scalability[10] PASSED [ 11%]
tests/unit/test_analytics_optimized.py::TestAnalyticsPerformance::test_anomaly_detection_scalability[15] PASSED [ 11%]
tests/unit/test_cache_manager.py::TestCacheEntry::test_cache_entry_creation PASSED [ 12%]
tests/unit/test_cache_manager.py::TestCacheEntry::test_cache_entry_expiration PASSED [ 12%]
tests/unit/test_cache_manager.py::TestLRUCache::test_lru_cache_basic_operations PASSED [ 12%]
tests/unit/test_cache_manager.py::TestLRUCache::test_lru_cache_eviction PASSED [ 12%]
tests/unit/test_cache_manager.py::TestLRUCache::test_lru_cache_access_order PASSED [ 12%]
tests/unit/test_cache_manager.py::TestLRUCache::test_lru_cache_ttl_expiration PASSED [ 12%]
tests/unit/test_cache_manager.py::TestLRUCache::test_lru_cache_pattern_invalidation PASSED [ 12%]
tests/unit/test_cache_manager.py::TestLRUCache::test_lru_cache_dependency_invalidation PASSED [ 12%]
tests/unit/test_cache_manager.py::TestLRUCache::test_lru_cache_thread_safety PASSED [ 12%]
tests/unit/test_cache_manager.py::TestSQLiteCache::test_sqlite_cache_basic_operations PASSED [ 13%]
tests/unit/test_cache_manager.py::TestSQLiteCache::test_sqlite_cache_ttl_expiration PASSED [ 13%]
tests/unit/test_cache_manager.py::TestSQLiteCache::test_sqlite_cache_cleanup_expired PASSED [ 13%]
tests/unit/test_cache_manager.py::TestSQLiteCache::test_sqlite_cache_pattern_invalidation PASSED [ 13%]
tests/unit/test_cache_manager.py::TestDiskCache::test_disk_cache_basic_operations PASSED [ 13%]
tests/unit/test_cache_manager.py::TestDiskCache::test_disk_cache_compression PASSED [ 13%]
tests/unit/test_cache_manager.py::TestDiskCache::test_disk_cache_metadata PASSED [ 13%]
tests/unit/test_cache_manager.py::TestAnalyticsCacheManager::test_cache_manager_tier_fallback PASSED [ 13%]
tests/unit/test_cache_manager.py::TestAnalyticsCacheManager::test_cache_manager_tier_promotion PASSED [ 13%]
tests/unit/test_cache_manager.py::TestAnalyticsCacheManager::test_cache_manager_metrics PASSED [ 14%]
tests/unit/test_cache_manager.py::TestAnalyticsCacheManager::test_cache_manager_invalidation PASSED [ 14%]
tests/unit/test_cache_manager.py::TestCacheKey::test_cache_key_basic PASSED [ 14%]
tests/unit/test_cache_manager.py::TestCacheKey::test_cache_key_kwargs PASSED [ 14%]
tests/unit/test_cache_manager.py::TestCacheKey::test_cache_key_datetime PASSED [ 14%]
tests/unit/test_cache_manager.py::TestCacheKey::test_cache_key_consistency PASSED [ 14%]
tests/unit/test_cache_manager.py::TestCacheIntegration::test_cache_with_real_data PASSED [ 14%]
tests/unit/test_cache_manager.py::TestCacheIntegration::test_cache_memory_limits PASSED [ 14%]
tests/unit/test_cache_manager.py::TestCacheIntegration::test_concurrent_cache_access PASSED [ 14%]
tests/unit/test_calendar_heatmap.py::TestCalendarHeatmapComponent::test_initialization PASSED [ 15%]
tests/unit/test_calendar_heatmap.py::TestCalendarHeatmapComponent::test_set_metric_data PASSED [ 15%]
tests/unit/test_calendar_heatmap.py::TestCalendarHeatmapComponent::test_change_view_mode PASSED [ 15%]
tests/unit/test_calendar_heatmap.py::TestCalendarHeatmapComponent::test_change_color_scale PASSED [ 15%]
tests/unit/test_calendar_heatmap.py::TestCalendarHeatmapComponent::test_toggle_patterns PASSED [ 15%]
tests/unit/test_calendar_heatmap.py::TestCalendarHeatmapComponent::test_get_color_for_value PASSED [ 15%]
tests/unit/test_calendar_heatmap.py::TestCalendarHeatmapComponent::test_animation_progress_property PASSED [ 15%]
tests/unit/test_calendar_heatmap.py::TestCalendarHeatmapComponent::test_set_current_date PASSED [ 15%]
tests/unit/test_calendar_heatmap.py::TestCalendarHeatmapComponent::test_color_scale_initialization PASSED [ 15%]
tests/unit/test_calendar_heatmap.py::TestMouseInteraction::test_mouse_press_release PASSED [ 16%]
tests/unit/test_calendar_heatmap.py::TestMouseInteraction::test_hover_interaction PASSED [ 16%]
tests/unit/test_calendar_heatmap.py::TestDataHandling::test_empty_data PASSED [ 16%]
tests/unit/test_calendar_heatmap.py::TestDataHandling::test_single_data_point PASSED [ 16%]
tests/unit/test_calendar_heatmap.py::TestDataHandling::test_large_dataset PASSED [ 16%]
tests/unit/test_calendar_heatmap.py::TestDataHandling::test_data_bounds_calculation PASSED [ 16%]
tests/unit/test_calendar_heatmap.py::TestGitHubStyleSpecifics::test_github_style_is_default PASSED [ 16%]
tests/unit/test_calendar_heatmap.py::TestGitHubStyleSpecifics::test_github_style_rendering PASSED [ 16%]
tests/unit/test_calendar_heatmap.py::TestColorInterpolation::test_color_interpolation_extremes PASSED [ 16%]
tests/unit/test_calendar_heatmap.py::TestColorInterpolation::test_color_interpolation_edge_cases PASSED [ 17%]
tests/unit/test_calendar_heatmap.py::TestSignals::test_view_mode_changed_signal PASSED [ 17%]
tests/unit/test_calendar_heatmap.py::TestSignals::test_date_clicked_signal PASSED [ 17%]
tests/unit/test_calendar_heatmap.py::test_calendar_heatmap_alias PASSED  [ 17%]
tests/unit/test_comparative_analytics.py::TestPrivacyManager::test_privacy_manager_initialization PASSED [ 17%]
tests/unit/test_comparative_analytics.py::TestPrivacyManager::test_permission_checking PASSED [ 17%]
tests/unit/test_comparative_analytics.py::TestPrivacyManager::test_value_anonymization PASSED [ 17%]
tests/unit/test_comparative_analytics.py::TestComparativeAnalyticsEngine::test_engine_initialization PASSED [ 17%]
tests/unit/test_comparative_analytics.py::TestComparativeAnalyticsEngine::test_historical_comparison PASSED [ 17%]
tests/unit/test_comparative_analytics.py::TestComparativeAnalyticsEngine::test_historical_comparison_trend_detection PASSED [ 18%]
tests/unit/test_comparative_analytics.py::TestComparativeAnalyticsEngine::test_demographic_comparison_no_permission PASSED [ 18%]
tests/unit/test_comparative_analytics.py::TestComparativeAnalyticsEngine::test_demographic_comparison_with_permission PASSED [ 18%]
tests/unit/test_comparative_analytics.py::TestComparativeAnalyticsEngine::test_seasonal_comparison PASSED [ 18%]
tests/unit/test_comparative_analytics.py::TestInsightsGenerator::test_demographic_insights_generation PASSED [ 18%]
tests/unit/test_comparative_analytics.py::TestInsightsGenerator::test_seasonal_insights PASSED [ 18%]
tests/unit/test_comparative_analytics.py::TestInsightsGenerator::test_historical_insights PASSED [ 18%]
tests/unit/test_comparative_analytics.py::TestDemographicCohort::test_cohort_validation PASSED [ 18%]
tests/unit/test_comparative_analytics.py::TestComparisonResult::test_comparison_result_initialization PASSED [ 18%]
tests/unit/test_comparative_analytics.py::TestComparisonResult::test_comparison_result_defaults PASSED [ 19%]
tests/unit/test_comparative_analytics.py::TestComparisonResult::test_input_validation PASSED [ 19%]
tests/unit/test_comparative_analytics.py::TestComparisonResult::test_secure_random_generation PASSED [ 19%]
tests/unit/test_comparative_analytics.py::TestComparisonResult::test_error_handling_in_historical_comparison PASSED [ 19%]
tests/unit/test_comparison_overlay_calculator.py::TestComparisonOverlayCalculator::test_calculate_weekly_average_normal_case PASSED [ 19%]
tests/unit/test_comparison_overlay_calculator.py::TestComparisonOverlayCalculator::test_calculate_weekly_average_insufficient_data PASSED [ 19%]
tests/unit/test_comparison_overlay_calculator.py::TestComparisonOverlayCalculator::test_calculate_weekly_average_exclude_current PASSED [ 19%]
tests/unit/test_comparison_overlay_calculator.py::TestComparisonOverlayCalculator::test_calculate_monthly_average_normal_case PASSED [ 19%]
tests/unit/test_comparison_overlay_calculator.py::TestComparisonOverlayCalculator::test_calculate_monthly_average_with_seasonal_adjustment PASSED [ 19%]
tests/unit/test_comparison_overlay_calculator.py::TestComparisonOverlayCalculator::test_calculate_monthly_average_insufficient_data PASSED [ 20%]
tests/unit/test_comparison_overlay_calculator.py::TestComparisonOverlayCalculator::test_calculate_personal_best_higher_is_better PASSED [ 20%]
tests/unit/test_comparison_overlay_calculator.py::TestComparisonOverlayCalculator::test_calculate_personal_best_lower_is_better PASSED [ 20%]
tests/unit/test_comparison_overlay_calculator.py::TestComparisonOverlayCalculator::test_calculate_personal_best_empty_data PASSED [ 20%]
tests/unit/test_comparison_overlay_calculator.py::TestComparisonOverlayCalculator::test_calculate_historical_comparison_default_periods PASSED [ 20%]
tests/unit/test_comparison_overlay_calculator.py::TestComparisonOverlayCalculator::test_calculate_historical_comparison_custom_periods PASSED [ 20%]
tests/unit/test_comparison_overlay_calculator.py::TestComparisonOverlayCalculator::test_calculate_historical_comparison_no_data PASSED [ 20%]
tests/unit/test_comparison_overlay_calculator.py::TestComparisonOverlayCalculator::test_check_statistical_significance_significant PASSED [ 20%]
tests/unit/test_comparison_overlay_calculator.py::TestComparisonOverlayCalculator::test_check_statistical_significance_not_significant PASSED [ 20%]
tests/unit/test_comparison_overlay_calculator.py::TestComparisonOverlayCalculator::test_check_statistical_significance_insufficient_data PASSED [ 21%]
tests/unit/test_comparison_overlay_calculator.py::TestComparisonOverlayCalculator::test_check_statistical_significance_zero_std PASSED [ 21%]
tests/unit/test_comparison_overlay_calculator.py::TestComparisonOverlayCalculator::test_generate_context_message_new_personal_best PASSED [ 21%]
tests/unit/test_comparison_overlay_calculator.py::TestComparisonOverlayCalculator::test_generate_context_message_above_averages PASSED [ 21%]
tests/unit/test_comparison_overlay_calculator.py::TestComparisonOverlayCalculator::test_generate_context_message_below_averages PASSED [ 21%]
tests/unit/test_comparison_overlay_calculator.py::TestComparisonOverlayCalculator::test_generate_context_message_no_significant_differences PASSED [ 21%]
tests/unit/test_comparison_overlay_calculator.py::TestComparisonOverlayCalculator::test_generate_context_message_empty_comparisons PASSED [ 21%]
tests/unit/test_comparison_overlay_calculator.py::TestComparisonOverlayCalculator::test_generate_context_message_error_handling PASSED [ 21%]
tests/unit/test_comparison_overlay_calculator.py::TestComparisonOverlayCalculator::test_seasonal_component_calculation PASSED [ 21%]
tests/unit/test_comparison_overlay_calculator.py::TestComparisonOverlayCalculator::test_overlay_data_structure PASSED [ 22%]
tests/unit/test_comparison_overlay_calculator.py::TestComparisonOverlayCalculator::test_comparison_result_structure PASSED [ 22%]
tests/unit/test_comparison_overlay_calculator.py::TestComparisonOverlayCalculatorIntegration::test_full_overlay_workflow PASSED [ 22%]
tests/unit/test_comparison_overlay_calculator.py::TestComparisonOverlayCalculatorIntegration::test_overlay_availability_by_data_length[5-0] PASSED [ 22%]
tests/unit/test_comparison_overlay_calculator.py::TestComparisonOverlayCalculatorIntegration::test_overlay_availability_by_data_length[10-1] PASSED [ 22%]
tests/unit/test_comparison_overlay_calculator.py::TestComparisonOverlayCalculatorIntegration::test_overlay_availability_by_data_length[40-2] PASSED [ 22%]
tests/unit/test_comparison_overlay_calculator.py::TestComparisonOverlayCalculatorIntegration::test_overlay_availability_by_data_length[400-3] PASSED [ 22%]
tests/unit/test_daily_dashboard_navigation.py::TestDailyDashboardNavigation::test_initial_date_is_today PASSED [ 22%]
tests/unit/test_daily_dashboard_navigation.py::TestDailyDashboardNavigation::test_go_to_previous_day PASSED [ 22%]
tests/unit/test_daily_dashboard_navigation.py::TestDailyDashboardNavigation::test_go_to_next_day PASSED [ 23%]
tests/unit/test_daily_dashboard_navigation.py::TestDailyDashboardNavigation::test_go_to_today PASSED [ 23%]
tests/unit/test_daily_dashboard_navigation.py::TestDailyDashboardNavigation::test_cannot_navigate_beyond_today PASSED [ 23%]
tests/unit/test_daily_dashboard_navigation.py::TestDailyDashboardNavigation::test_date_picker_navigation PASSED [ 23%]
tests/unit/test_daily_dashboard_navigation.py::TestDailyDashboardNavigation::test_navigation_updates_display PASSED [ 23%]
tests/unit/test_daily_dashboard_navigation.py::TestDailyDashboardNavigation::test_navigation_with_data_loading PASSED [ 23%]
tests/unit/test_daily_dashboard_navigation.py::TestDailyDashboardNavigation::test_keyboard_navigation FAILED [ 23%]
tests/unit/test_daily_dashboard_navigation.py::TestDailyDashboardNavigation::test_navigation_button_states FAILED [ 23%]
tests/unit/test_daily_dashboard_navigation.py::TestDailyDashboardNavigation::test_date_display_format FAILED [ 23%]
tests/unit/test_daily_metrics_calculator.py::TestDailyMetricsCalculator::test_calculate_statistics_basic[HeartRate-10] PASSED [ 24%]
tests/unit/test_daily_metrics_calculator.py::TestDailyMetricsCalculator::test_calculate_statistics_basic[StepCount-0] PASSED [ 24%]
tests/unit/test_daily_metrics_calculator.py::TestDailyMetricsCalculator::test_statistics_with_different_data[health_data-HeartRate] PASSED [ 24%]
tests/unit/test_daily_metrics_calculator.py::TestDailyMetricsCalculator::test_statistics_with_different_data[multi_metric_data-HeartRate] PASSED [ 24%]
tests/unit/test_daily_metrics_calculator.py::TestDailyMetricsCalculator::test_statistics_with_different_data[multi_metric_data-StepCount] PASSED [ 24%]
tests/unit/test_daily_metrics_calculator.py::TestDailyMetricsCalculator::test_outlier_detection_methods[OutlierMethod.IQR-150] PASSED [ 24%]
tests/unit/test_daily_metrics_calculator.py::TestDailyMetricsCalculator::test_outlier_detection_methods[OutlierMethod.Z_SCORE-500] FAILED [ 24%]
tests/unit/test_daily_metrics_calculator.py::TestDailyMetricsCalculator::test_percentile_calculations[percentiles0] PASSED [ 24%]
tests/unit/test_daily_metrics_calculator.py::TestDailyMetricsCalculator::test_percentile_calculations[percentiles1] PASSED [ 25%]
tests/unit/test_daily_metrics_calculator.py::TestDailyMetricsCalculator::test_percentile_calculations[percentiles2] PASSED [ 25%]
tests/unit/test_daily_metrics_calculator.py::TestDailyMetricsCalculator::test_invalid_percentiles[-1] PASSED [ 25%]
tests/unit/test_daily_metrics_calculator.py::TestDailyMetricsCalculator::test_invalid_percentiles[101] PASSED [ 25%]
tests/unit/test_daily_metrics_calculator.py::TestDailyMetricsCalculator::test_invalid_percentiles[0] FAILED [ 25%]
tests/unit/test_daily_metrics_calculator.py::TestDailyMetricsCalculator::test_invalid_percentiles[100.1] PASSED [ 25%]
tests/unit/test_daily_metrics_calculator.py::TestDailyMetricsCalculator::test_initialization PASSED [ 25%]
tests/unit/test_daily_metrics_calculator.py::TestDailyMetricsCalculator::test_timezone_handling PASSED [ 25%]
tests/unit/test_daily_metrics_calculator.py::TestDailyMetricsCalculator::test_date_range_filtering PASSED [ 25%]
tests/unit/test_daily_metrics_calculator.py::TestDailyMetricsCalculator::test_multiple_readings_per_day PASSED [ 26%]
tests/unit/test_daily_metrics_calculator.py::TestDailyMetricsCalculator::test_interpolation_linear PASSED [ 26%]
tests/unit/test_daily_metrics_calculator.py::TestDailyMetricsCalculator::test_get_metrics_summary PASSED [ 26%]
tests/unit/test_daily_metrics_calculator.py::TestDailyMetricsCalculator::test_statistics_calculation_property PASSED [ 26%]
tests/unit/test_daily_trend_indicator.py::TestTrendCalculator::test_calculate_daily_change_normal PASSED [ 26%]
tests/unit/test_daily_trend_indicator.py::TestTrendCalculator::test_calculate_daily_change_zero_previous PASSED [ 26%]
tests/unit/test_daily_trend_indicator.py::TestTrendCalculator::test_calculate_daily_change_none_previous PASSED [ 26%]
tests/unit/test_daily_trend_indicator.py::TestTrendCalculator::test_get_previous_day_value PASSED [ 26%]
tests/unit/test_daily_trend_indicator.py::TestTrendCalculator::test_get_trend_history PASSED [ 26%]
tests/unit/test_daily_trend_indicator.py::TestTrendCalculator::test_classify_change_magnitude PASSED [ 27%]
tests/unit/test_daily_trend_indicator.py::TestTrendCalculator::test_calculate_trend_statistics PASSED [ 27%]
tests/unit/test_daily_trend_indicator.py::TestArrowIndicator::test_arrow_rotation PASSED [ 27%]
tests/unit/test_daily_trend_indicator.py::TestArrowIndicator::test_arrow_colors PASSED [ 27%]
tests/unit/test_daily_trend_indicator.py::TestArrowIndicator::test_pulse_animation PASSED [ 27%]
tests/unit/test_daily_trend_indicator.py::TestDailyTrendIndicator::test_indicator_creation PASSED [ 27%]
tests/unit/test_daily_trend_indicator.py::TestDailyTrendIndicator::test_update_with_increase PASSED [ 27%]
tests/unit/test_daily_trend_indicator.py::TestDailyTrendIndicator::test_update_with_decrease PASSED [ 27%]
tests/unit/test_daily_trend_indicator.py::TestDailyTrendIndicator::test_baseline_indicator PASSED [ 27%]
tests/unit/test_daily_trend_indicator.py::TestDailyTrendIndicator::test_zero_previous_value FAILED [ 28%]
tests/unit/test_daily_trend_indicator.py::TestDailyTrendIndicator::test_tooltip_generation PASSED [ 28%]
tests/unit/test_daily_trend_indicator.py::TestDailyTrendIndicator::test_sparkline_update PASSED [ 28%]
tests/unit/test_data_filter_engine.py::TestQueryBuilder::test_empty_input_handling PASSED [ 28%]
tests/unit/test_data_filter_engine.py::TestQueryBuilder::test_empty_query PASSED [ 28%]
tests/unit/test_data_filter_engine.py::TestQueryBuilder::test_date_range_filters_parametrized[start_date0-end_date0-BETWEEN ? AND ?-2] PASSED [ 28%]
tests/unit/test_data_filter_engine.py::TestQueryBuilder::test_date_range_filters_parametrized[start_date1-None-creationDate >= ?-1] PASSED [ 28%]
tests/unit/test_data_filter_engine.py::TestQueryBuilder::test_date_range_filters_parametrized[None-end_date2-creationDate <= ?-1] PASSED [ 28%]
tests/unit/test_data_filter_engine.py::TestQueryBuilder::test_list_filters_parametrized[filter_values0-add_source_filter-sourceName IN (?,?)] PASSED [ 28%]
tests/unit/test_data_filter_engine.py::TestQueryBuilder::test_list_filters_parametrized[filter_values1-add_type_filter-type IN (?,?)] PASSED [ 29%]
tests/unit/test_data_filter_engine.py::TestQueryBuilder::test_list_filters_parametrized[filter_values2-add_type_filter-type IN (?)] PASSED [ 29%]
tests/unit/test_data_filter_engine.py::TestQueryBuilder::test_list_filters_parametrized[filter_values3-add_source_filter-sourceName IN (?)] PASSED [ 29%]
tests/unit/test_data_filter_engine.py::TestQueryBuilder::test_combined_filters PASSED [ 29%]
tests/unit/test_data_filter_engine.py::TestQueryBuilder::test_query_with_limit PASSED [ 29%]
tests/unit/test_data_filter_engine.py::TestDataFilterEngine::test_empty_input_handling PASSED [ 29%]
tests/unit/test_data_filter_engine.py::TestDataFilterEngine::test_filter_all_data PASSED [ 29%]
tests/unit/test_data_filter_engine.py::TestDataFilterEngine::test_filter_by_date_range PASSED [ 29%]
tests/unit/test_data_filter_engine.py::TestDataFilterEngine::test_filter_by_criteria_parametrized[filter_criteria0-30-sourceName] PASSED [ 29%]
tests/unit/test_data_filter_engine.py::TestDataFilterEngine::test_filter_by_criteria_parametrized[filter_criteria1-50-sourceName] PASSED [ 30%]
tests/unit/test_data_filter_engine.py::TestDataFilterEngine::test_filter_by_criteria_parametrized[filter_criteria2-30-type] PASSED [ 30%]
tests/unit/test_data_filter_engine.py::TestDataFilterEngine::test_filter_by_criteria_parametrized[filter_criteria3-50-type] PASSED [ 30%]
tests/unit/test_data_filter_engine.py::TestDataFilterEngine::test_combined_filters PASSED [ 30%]
tests/unit/test_data_filter_engine.py::TestDataFilterEngine::test_filter_with_limit PASSED [ 30%]
tests/unit/test_data_filter_engine.py::TestDataFilterEngine::test_get_distinct_sources PASSED [ 30%]
tests/unit/test_data_filter_engine.py::TestDataFilterEngine::test_get_distinct_types PASSED [ 30%]
tests/unit/test_data_filter_engine.py::TestDataFilterEngine::test_get_data_date_range PASSED [ 30%]
tests/unit/test_data_filter_engine.py::TestDataFilterEngine::test_performance_metrics PASSED [ 30%]
tests/unit/test_data_filter_engine.py::TestDataFilterEngine::test_empty_filter_results PASSED [ 31%]
tests/unit/test_data_filter_engine.py::TestDataFilterEngine::test_performance_threshold PASSED [ 31%]
tests/unit/test_data_filter_engine.py::TestDataFilterEngine::test_optimize_for_filters PASSED [ 31%]
tests/unit/test_data_loader.py::TestDataLoader::test_convert_xml_to_sqlite PASSED [ 31%]
tests/unit/test_data_loader.py::TestDataLoader::test_error_handling PASSED [ 31%]
tests/unit/test_data_loader.py::TestDataLoader::test_file_not_found_errors PASSED [ 31%]
tests/unit/test_data_loader.py::TestDataLoader::test_get_available_types PASSED [ 31%]
tests/unit/test_data_loader.py::TestDataLoader::test_get_daily_summary PASSED [ 31%]
tests/unit/test_data_loader.py::TestDataLoader::test_get_date_range PASSED [ 31%]
tests/unit/test_data_loader.py::TestDataLoader::test_get_monthly_summary PASSED [ 32%]
tests/unit/test_data_loader.py::TestDataLoader::test_get_weekly_summary PASSED [ 32%]
tests/unit/test_data_loader.py::TestDataLoader::test_input_validation PASSED [ 32%]
tests/unit/test_data_loader.py::TestDataLoader::test_migrate_csv_to_sqlite PASSED [ 32%]
tests/unit/test_data_loader.py::TestDataLoader::test_query_date_range PASSED [ 32%]
tests/unit/test_data_loader.py::TestDataLoader::test_validate_database PASSED [ 32%]
tests/unit/test_data_loader.py::TestDataLoader::test_value_conversion PASSED [ 32%]
tests/unit/test_data_loader_validation.py::TestXMLTransactionHandling::test_validation_success_with_valid_xml PASSED [ 32%]
tests/unit/test_data_loader_validation.py::TestXMLTransactionHandling::test_validation_failure_with_invalid_xml PASSED [ 32%]
tests/unit/test_data_loader_validation.py::TestXMLTransactionHandling::test_skip_validation_option PASSED [ 33%]
tests/unit/test_data_loader_validation.py::TestXMLTransactionHandling::test_transaction_rollback_on_database_error FAILED [ 33%]
tests/unit/test_data_loader_validation.py::TestXMLTransactionHandling::test_transaction_rollback_on_import_verification_failure FAILED [ 33%]
tests/unit/test_data_loader_validation.py::TestXMLTransactionHandling::test_metadata_creation_during_import PASSED [ 33%]
tests/unit/test_data_loader_validation.py::TestXMLTransactionHandling::test_index_creation_during_import PASSED [ 33%]
tests/unit/test_data_loader_validation.py::TestXMLTransactionHandling::test_nonexistent_xml_file PASSED [ 33%]
tests/unit/test_data_loader_validation.py::TestXMLTransactionHandling::test_empty_xml_file PASSED [ 33%]
tests/unit/test_data_loader_validation.py::TestXMLTransactionHandling::test_malformed_xml_file PASSED [ 33%]
tests/unit/test_data_loader_validation.py::TestDataTypeConversion::test_datetime_conversion PASSED [ 33%]
tests/unit/test_data_loader_validation.py::TestDataTypeConversion::test_value_conversion_with_nulls PASSED [ 34%]
tests/unit/test_data_loader_validation.py::TestDataTypeConversion::test_type_name_cleaning PASSED [ 34%]
tests/unit/test_data_processing_consolidated.py::TestConsolidatedDataProcessing::test_empty_input_handling PASSED [ 34%]
tests/unit/test_data_processing_consolidated.py::TestConsolidatedDataProcessing::test_xml_to_sqlite_conversion PASSED [ 34%]
tests/unit/test_data_processing_consolidated.py::TestConsolidatedDataProcessing::test_xml_conversion_parametrized[2-2] PASSED [ 34%]
tests/unit/test_data_processing_consolidated.py::TestConsolidatedDataProcessing::test_xml_conversion_parametrized[1-1] PASSED [ 34%]
tests/unit/test_data_processing_consolidated.py::TestConsolidatedDataProcessing::test_date_range_querying PASSED [ 34%]
tests/unit/test_data_processing_consolidated.py::TestConsolidatedDataProcessing::test_error_handling_consolidated[nonexistent_file.xml-expected_exception0] PASSED [ 34%]
tests/unit/test_data_processing_consolidated.py::TestConsolidatedDataProcessing::test_empty_string_input_handling PASSED [ 34%]
tests/unit/test_data_processing_consolidated.py::TestConsolidatedDataProcessing::test_none_input_handling PASSED [ 35%]
tests/unit/test_data_processing_consolidated.py::TestConsolidatedDataProcessing::test_database_validation PASSED [ 35%]
tests/unit/test_data_processing_consolidated.py::TestConsolidatedDataProcessing::test_aggregation_functions[get_daily_summary] PASSED [ 35%]
tests/unit/test_data_processing_consolidated.py::TestConsolidatedDataProcessing::test_aggregation_functions[get_weekly_summary] PASSED [ 35%]
tests/unit/test_data_processing_consolidated.py::TestConsolidatedDataProcessing::test_aggregation_functions[get_monthly_summary] PASSED [ 35%]
tests/unit/test_data_processing_consolidated.py::TestConsolidatedDataProcessing::test_available_types_retrieval PASSED [ 35%]
tests/unit/test_data_processing_consolidated.py::TestDataValidationConsolidated::test_empty_input_handling PASSED [ 35%]
tests/unit/test_data_processing_consolidated.py::TestDataValidationConsolidated::test_data_validation_patterns PASSED [ 35%]
tests/unit/test_data_processing_consolidated.py::TestDataValidationConsolidated::test_validation_scenarios[data_scenario0] PASSED [ 35%]
tests/unit/test_data_processing_consolidated.py::TestDataValidationConsolidated::test_validation_scenarios[data_scenario1] PASSED [ 36%]
tests/unit/test_data_processing_consolidated.py::TestDataValidationConsolidated::test_validation_scenarios[data_scenario2] PASSED [ 36%]
tests/unit/test_data_processing_consolidated.py::TestDataValidationConsolidated::test_validation_scenarios[data_scenario3] PASSED [ 36%]
tests/unit/test_database.py::TestDatabaseManager::test_database_initialization PASSED [ 36%]
tests/unit/test_database.py::TestDatabaseManager::test_default_preferences_inserted PASSED [ 36%]
tests/unit/test_database.py::TestModels::test_cached_metric_expiration PASSED [ 36%]
tests/unit/test_database.py::TestModels::test_journal_entry_validation PASSED [ 36%]
tests/unit/test_database.py::TestModels::test_user_preference_type_conversion PASSED [ 36%]
tests/unit/test_database.py::TestJournalDAO::test_save_and_retrieve_journal_entry PASSED [ 36%]
tests/unit/test_database.py::TestJournalDAO::test_search_journal_entries PASSED [ 37%]
tests/unit/test_database.py::TestJournalDAO::test_upsert_journal_entry PASSED [ 37%]
tests/unit/test_database.py::TestPreferenceDAO::test_get_and_set_preferences PASSED [ 37%]
tests/unit/test_database.py::TestCacheDAO::test_cache_and_retrieve_metrics PASSED [ 37%]
tests/unit/test_database.py::TestCacheDAO::test_cache_expiration PASSED  [ 37%]
tests/unit/test_day_of_week_analyzer.py::TestDayOfWeekAnalyzer::test_initialization PASSED [ 37%]
tests/unit/test_day_of_week_analyzer.py::TestDayOfWeekAnalyzer::test_calculate_day_metrics PASSED [ 37%]
tests/unit/test_day_of_week_analyzer.py::TestDayOfWeekAnalyzer::test_detect_weekend_warrior PASSED [ 37%]
tests/unit/test_day_of_week_analyzer.py::TestDayOfWeekAnalyzer::test_detect_monday_blues PASSED [ 37%]
tests/unit/test_day_of_week_analyzer.py::TestDayOfWeekAnalyzer::test_no_patterns_detected PASSED [ 38%]
tests/unit/test_day_of_week_analyzer.py::TestDayOfWeekAnalyzer::test_calculate_consistency_scores PASSED [ 38%]
tests/unit/test_day_of_week_analyzer.py::TestDayOfWeekAnalyzer::test_calculate_habit_strength PASSED [ 38%]
tests/unit/test_day_of_week_analyzer.py::TestDayOfWeekAnalyzer::test_chi_square_test PASSED [ 38%]
tests/unit/test_day_of_week_analyzer.py::TestDayOfWeekAnalyzer::test_analyze_metric PASSED [ 38%]
tests/unit/test_day_of_week_analyzer.py::TestDayOfWeekAnalyzer::test_empty_data_handling PASSED [ 38%]
tests/unit/test_day_of_week_analyzer.py::TestDayOfWeekAnalyzer::test_missing_metric_type PASSED [ 38%]
tests/unit/test_day_of_week_analyzer.py::TestDayOfWeekAnalyzer::test_edge_cases PASSED [ 38%]
tests/unit/test_day_of_week_analyzer.py::TestDayOfWeekAnalyzer::test_visualization_methods PASSED [ 38%]
tests/unit/test_day_of_week_analyzer.py::TestDayOfWeekAnalyzer::test_workday_warrior_pattern PASSED [ 39%]
tests/unit/test_day_of_week_analyzer.py::TestDayOfWeekAnalyzer::test_anomaly_detection PASSED [ 39%]
tests/unit/test_day_of_week_analyzer.py::TestDayOfWeekAnalyzer::test_custom_patterns PASSED [ 39%]
tests/unit/test_day_of_week_analyzer.py::TestDayOfWeekAnalyzer::test_pattern_config_template PASSED [ 39%]
tests/unit/test_day_of_week_analyzer.py::TestDayOfWeekAnalyzer::test_animation_support PASSED [ 39%]
tests/unit/test_error_handler.py::TestErrorHandler::test_custom_exceptions PASSED [ 39%]
tests/unit/test_error_handler.py::TestErrorHandler::test_error_context PASSED [ 39%]
tests/unit/test_error_handler.py::TestErrorHandler::test_error_context_no_reraise PASSED [ 39%]
tests/unit/test_error_handler.py::TestErrorHandler::test_error_handler_decorator PASSED [ 39%]
tests/unit/test_error_handler.py::TestErrorHandler::test_error_handler_reraise PASSED [ 40%]
tests/unit/test_error_handler.py::TestErrorHandler::test_format_error_message PASSED [ 40%]
tests/unit/test_error_handler.py::TestErrorHandler::test_safe_database_operation PASSED [ 40%]
tests/unit/test_error_handler.py::TestErrorHandler::test_safe_file_operation PASSED [ 40%]
tests/unit/test_filter_config_manager.py::TestFilterConfig::test_filter_config_creation PASSED [ 40%]
tests/unit/test_filter_config_manager.py::TestFilterConfig::test_to_filter_criteria PASSED [ 40%]
tests/unit/test_filter_config_manager.py::TestFilterConfig::test_from_filter_criteria PASSED [ 40%]
tests/unit/test_filter_config_manager.py::TestFilterConfig::test_to_dict PASSED [ 40%]
tests/unit/test_filter_config_manager.py::TestFilterConfigManager::test_save_new_config PASSED [ 40%]
tests/unit/test_filter_config_manager.py::TestFilterConfigManager::test_save_existing_config PASSED [ 41%]
tests/unit/test_filter_config_manager.py::TestFilterConfigManager::test_save_as_default_clears_other_defaults PASSED [ 41%]
tests/unit/test_filter_config_manager.py::TestFilterConfigManager::test_save_as_last_used_clears_other_last_used PASSED [ 41%]
tests/unit/test_filter_config_manager.py::TestFilterConfigManager::test_load_config_found PASSED [ 41%]
tests/unit/test_filter_config_manager.py::TestFilterConfigManager::test_load_config_not_found PASSED [ 41%]
tests/unit/test_filter_config_manager.py::TestFilterConfigManager::test_get_default_config PASSED [ 41%]
tests/unit/test_filter_config_manager.py::TestFilterConfigManager::test_get_last_used_config PASSED [ 41%]
tests/unit/test_filter_config_manager.py::TestFilterConfigManager::test_list_configs PASSED [ 41%]
tests/unit/test_filter_config_manager.py::TestFilterConfigManager::test_delete_config PASSED [ 41%]
tests/unit/test_filter_config_manager.py::TestFilterConfigManager::test_delete_config_not_found PASSED [ 42%]
tests/unit/test_filter_config_manager.py::TestFilterConfigManager::test_set_as_default PASSED [ 42%]
tests/unit/test_filter_config_manager.py::TestFilterConfigManager::test_save_as_last_used PASSED [ 42%]
tests/unit/test_filter_config_manager.py::TestFilterConfigManager::test_migrate_from_json PASSED [ 42%]
tests/unit/test_filter_config_manager.py::TestFilterConfigManager::test_migrate_from_json_file_not_found PASSED [ 42%]
tests/unit/test_filter_config_manager.py::TestFilterConfigManager::test_row_to_config_with_nulls PASSED [ 42%]
tests/unit/test_general_components.py::test_coverage_reporting PASSED    [ 42%]
tests/unit/test_goal_management.py::TestGoalModels::test_target_goal_creation FAILED [ 42%]
tests/unit/test_goal_management.py::TestGoalModels::test_target_goal_progress PASSED [ 42%]
tests/unit/test_goal_management.py::TestGoalModels::test_consistency_goal_creation PASSED [ 43%]
tests/unit/test_goal_management.py::TestGoalModels::test_consistency_goal_progress PASSED [ 43%]
tests/unit/test_goal_management.py::TestGoalModels::test_improvement_goal_creation PASSED [ 43%]
tests/unit/test_goal_management.py::TestGoalModels::test_improvement_goal_progress PASSED [ 43%]
tests/unit/test_goal_management.py::TestGoalModels::test_habit_goal_creation PASSED [ 43%]
tests/unit/test_goal_management.py::TestGoalModels::test_habit_goal_streak_tracking PASSED [ 43%]
tests/unit/test_goal_management.py::TestGoalManagementSystem::test_create_target_goal ERROR [ 43%]
tests/unit/test_goal_management.py::TestGoalManagementSystem::test_validate_goal_config PASSED [ 43%]
tests/unit/test_goal_management.py::TestGoalManagementSystem::test_get_active_goals ERROR [ 43%]
tests/unit/test_goal_management.py::TestGoalSuggestionEngine::test_generate_suggestions_no_data PASSED [ 44%]
tests/unit/test_goal_management.py::TestGoalSuggestionEngine::test_achievability_scoring PASSED [ 44%]
tests/unit/test_goal_management.py::TestGoalSuggestionEngine::test_impact_scoring PASSED [ 44%]
tests/unit/test_goal_management.py::TestProgressTracker::test_progress_history_retrieval PASSED [ 44%]
tests/unit/test_goal_management.py::TestAdaptiveGoalManager::test_detect_goal_too_easy PASSED [ 44%]
tests/unit/test_goal_management.py::TestAdaptiveGoalManager::test_detect_goal_too_hard PASSED [ 44%]
tests/unit/test_goal_management.py::TestAdaptiveGoalManager::test_detect_plateau FAILED [ 44%]
tests/unit/test_health_score_calculator.py::TestHealthScoreCalculator::test_calculate_health_score FAILED [ 44%]
tests/unit/test_health_score_calculator.py::TestHealthScoreCalculator::test_activity_score_calculation FAILED [ 44%]
tests/unit/test_health_score_calculator.py::TestHealthScoreCalculator::test_sleep_score_calculation PASSED [ 45%]
tests/unit/test_health_score_calculator.py::TestHealthScoreCalculator::test_personalization_age_adjustment FAILED [ 45%]
tests/unit/test_health_score_calculator.py::TestHealthScoreCalculator::test_health_conditions_adjustment PASSED [ 45%]
tests/unit/test_health_score_calculator.py::TestHealthScoreCalculator::test_trend_analysis FAILED [ 45%]
tests/unit/test_health_score_calculator.py::TestHealthScoreCalculator::test_missing_data_handling PASSED [ 45%]
tests/unit/test_health_score_calculator.py::TestHealthScoreCalculator::test_insights_generation PASSED [ 45%]
tests/unit/test_health_score_calculator.py::TestHealthScoreCalculator::test_weight_customization PASSED [ 45%]
tests/unit/test_health_score_calculator.py::TestHealthScoreCalculator::test_score_breakdown PASSED [ 45%]
tests/unit/test_health_score_calculator.py::TestComponentCalculators::test_activity_streaks PASSED [ 45%]
tests/unit/test_health_score_calculator.py::TestComponentCalculators::test_sleep_consistency PASSED [ 46%]
tests/unit/test_logging.py::TestLoggingConfig::test_get_logger PASSED    [ 46%]
tests/unit/test_logging.py::TestLoggingConfig::test_log_levels PASSED    [ 46%]
tests/unit/test_logging.py::TestLoggingConfig::test_setup_logging_creates_files PASSED [ 46%]
tests/unit/test_main.py::TestMain::test_setup_logging PASSED             [ 46%]
tests/unit/test_main.py::TestMain::test_exception_hook_installed SKIPPED [ 46%]
tests/unit/test_main.py::TestMain::test_main_application_creation FAILED [ 46%]
tests/unit/test_main.py::TestMain::test_main_with_arguments FAILED       [ 46%]
tests/unit/test_main.py::TestMain::test_main_exception_handling FAILED   [ 46%]
tests/unit/test_main.py::TestMain::test_qapplication_singleton FAILED    [ 47%]
tests/unit/test_main.py::TestMain::test_logging_configuration FAILED     [ 47%]
tests/unit/test_main.py::TestMain::test_high_dpi_scaling FAILED          [ 47%]
tests/unit/test_main.py::TestMain::test_application_metadata FAILED      [ 47%]
tests/unit/test_main.py::TestErrorHandling::test_custom_exception_handler FAILED [ 47%]
tests/unit/test_main.py::TestErrorHandling::test_unhandled_exception_logging FAILED [ 47%]
tests/unit/test_main.py::TestErrorHandling::test_unhandled_exception_logging ERROR [ 47%]
tests/unit/test_mock_compliance.py::TestMockCompliance::test_mock_implements_protocol PASSED [ 47%]
tests/unit/test_mock_compliance.py::TestMockCompliance::test_empty_data_source_compliance PASSED [ 47%]
tests/unit/test_mock_compliance.py::TestMockCompliance::test_large_data_source_performance PASSED [ 47%]
tests/unit/test_mock_compliance.py::TestMockCompliance::test_mock_data_consistency PASSED [ 48%]
tests/unit/test_mock_compliance.py::TestMockCompliance::test_get_data_for_period PASSED [ 48%]
tests/unit/test_mock_compliance.py::TestMockCompliance::test_mock_with_calculator_integration PASSED [ 48%]
tests/unit/test_mock_compliance.py::TestMockCompliance::test_fixture_factory_integration PASSED [ 48%]
tests/unit/test_mock_compliance.py::TestMockCompliance::test_corrupt_data_handling PASSED [ 48%]
tests/unit/test_mock_compliance.py::TestMockCompliance::test_mock_immutability PASSED [ 48%]
tests/unit/test_mock_compliance.py::TestCalculatorIntegration::test_daily_calculator_with_mock PASSED [ 48%]
tests/unit/test_mock_compliance.py::TestCalculatorIntegration::test_weekly_calculator_with_mock PASSED [ 48%]
tests/unit/test_mock_compliance.py::TestCalculatorIntegration::test_monthly_calculator_with_mock PASSED [ 48%]
tests/unit/test_monthly_context_provider.py::TestWeekContext::test_percentile_category_exceptional PASSED [ 49%]
tests/unit/test_monthly_context_provider.py::TestWeekContext::test_percentile_category_average PASSED [ 49%]
tests/unit/test_monthly_context_provider.py::TestWeekContext::test_vs_monthly_average_percent PASSED [ 49%]
tests/unit/test_monthly_context_provider.py::TestWeekContext::test_vs_monthly_average_zero_division PASSED [ 49%]
tests/unit/test_monthly_context_provider.py::TestGoalProgress::test_pace_vs_target_completed PASSED [ 49%]
tests/unit/test_monthly_context_provider.py::TestGoalProgress::test_pace_vs_target_ahead PASSED [ 49%]
tests/unit/test_monthly_context_provider.py::TestGoalProgress::test_pace_vs_target_behind PASSED [ 49%]
tests/unit/test_monthly_context_provider.py::TestMonthlyContextProvider::test_set_monthly_goal ERROR [ 49%]
tests/unit/test_monthly_context_provider.py::TestMonthlyContextProvider::test_get_week_context_cache_hit ERROR [ 50%]
tests/unit/test_monthly_context_provider.py::TestMonthlyContextProvider::test_get_week_context_cache_miss ERROR [ 50%]
tests/unit/test_monthly_context_provider.py::TestMonthlyContextProvider::test_calculate_percentile_rank ERROR [ 50%]
tests/unit/test_monthly_context_provider.py::TestMonthlyContextProvider::test_calculate_percentile_rank_edge_cases ERROR [ 50%]
tests/unit/test_monthly_context_provider.py::TestMonthlyContextProvider::test_calculate_goal_progress_no_goal ERROR [ 50%]
tests/unit/test_monthly_context_provider.py::TestMonthlyContextProvider::test_calculate_goal_progress_with_goal ERROR [ 50%]
tests/unit/test_monthly_context_provider.py::TestMonthlyContextProvider::test_get_seasonal_adjustment ERROR [ 50%]
tests/unit/test_monthly_context_provider.py::TestMonthlyContextProvider::test_calculate_confidence_level ERROR [ 50%]
tests/unit/test_monthly_context_provider.py::TestMonthlyContextProvider::test_determine_exceptional_reason ERROR [ 50%]
tests/unit/test_monthly_context_provider.py::TestMonthlyContextProvider::test_get_month_for_week ERROR [ 51%]
tests/unit/test_monthly_context_provider.py::TestMonthlyContextProvider::test_create_empty_context ERROR [ 51%]
tests/unit/test_monthly_context_provider.py::TestMonthlyContextProvider::test_get_monthly_insights ERROR [ 51%]
tests/unit/test_monthly_context_provider.py::TestMonthlyContextProvider::test_get_monthly_insights_no_data ERROR [ 51%]
tests/unit/test_monthly_context_provider.py::TestMonthlyContextProvider::test_find_most_consistent_period ERROR [ 51%]
tests/unit/test_monthly_context_provider.py::TestMonthlyContextProvider::test_find_most_consistent_period_edge_cases ERROR [ 51%]
tests/unit/test_monthly_context_provider.py::TestIntegration::test_full_context_calculation_flow FAILED [ 51%]
tests/unit/test_monthly_context_provider.py::TestIntegration::test_multiple_metrics_context FAILED [ 51%]
tests/unit/test_monthly_dashboard_widget.py::TestMonthlyDashboardWidget::test_calendar_style_switching PASSED [ 51%]
tests/unit/test_monthly_dashboard_widget.py::TestMonthlyDashboardWidget::test_data_loading_with_calculator PASSED [ 52%]
tests/unit/test_monthly_dashboard_widget.py::TestMonthlyDashboardWidget::test_data_loading_without_calculator FAILED [ 52%]
tests/unit/test_monthly_dashboard_widget.py::TestMonthlyDashboardWidget::test_empty_data_handling PASSED [ 52%]
tests/unit/test_monthly_dashboard_widget.py::TestMonthlyDashboardWidget::test_metric_conversion PASSED [ 52%]
tests/unit/test_monthly_dashboard_widget.py::TestMonthlyDashboardWidget::test_metric_loading PASSED [ 52%]
tests/unit/test_monthly_dashboard_widget.py::TestMonthlyDashboardWidget::test_metric_selection_change PASSED [ 52%]
tests/unit/test_monthly_dashboard_widget.py::TestMonthlyDashboardWidget::test_month_navigation PASSED [ 52%]
tests/unit/test_monthly_dashboard_widget.py::TestMonthlyDashboardWidget::test_sample_data_generation FAILED [ 52%]
tests/unit/test_monthly_dashboard_widget.py::TestMonthlyDashboardWidget::test_summary_statistics_update PASSED [ 52%]
tests/unit/test_monthly_dashboard_widget.py::TestMonthlyDashboardWidget::test_widget_initialization PASSED [ 53%]
tests/unit/test_monthly_dashboard_widget.py::TestMonthlyDashboardIntegration::test_full_data_flow_integration PASSED [ 53%]
tests/unit/test_monthly_metrics_calculator.py::TestMonthlyMetricsCalculatorOptimized::test_empty_data_handling SKIPPED [ 53%]
tests/unit/test_monthly_metrics_calculator.py::TestMonthlyMetricsCalculatorOptimized::test_null_handling SKIPPED [ 53%]
tests/unit/test_monthly_metrics_calculator.py::TestMonthlyMetricsCalculatorOptimized::test_single_data_point SKIPPED [ 53%]
tests/unit/test_monthly_metrics_calculator.py::TestMonthlyMetricsCalculatorOptimized::test_calculation_consistency SKIPPED [ 53%]
tests/unit/test_monthly_metrics_calculator.py::TestMonthlyMetricsCalculatorOptimized::test_initialization_modes[calendar-True-100] PASSED [ 53%]
tests/unit/test_monthly_metrics_calculator.py::TestMonthlyMetricsCalculatorOptimized::test_initialization_modes[rolling-False-50] PASSED [ 53%]
tests/unit/test_monthly_metrics_calculator.py::TestMonthlyMetricsCalculatorOptimized::test_initialization_modes[calendar-False-200] PASSED [ 53%]
tests/unit/test_monthly_metrics_calculator.py::TestMonthlyMetricsCalculatorOptimized::test_calculate_monthly_stats[calendar-HeartRate-2024-1-expected_fields0] PASSED [ 54%]
tests/unit/test_monthly_metrics_calculator.py::TestMonthlyMetricsCalculatorOptimized::test_calculate_monthly_stats[rolling-HeartRate-2024-1-expected_fields1] PASSED [ 54%]
tests/unit/test_monthly_metrics_calculator.py::TestMonthlyMetricsCalculatorOptimized::test_calculate_monthly_stats[calendar-HeartRate-2024-2-expected_fields2] PASSED [ 54%]
tests/unit/test_monthly_metrics_calculator.py::TestMonthlyMetricsCalculatorOptimized::test_month_boundaries_calendar[2024-1-31] PASSED [ 54%]
tests/unit/test_monthly_metrics_calculator.py::TestMonthlyMetricsCalculatorOptimized::test_month_boundaries_calendar[2024-2-29] PASSED [ 54%]
tests/unit/test_monthly_metrics_calculator.py::TestMonthlyMetricsCalculatorOptimized::test_month_boundaries_calendar[2023-2-28] PASSED [ 54%]
tests/unit/test_monthly_metrics_calculator.py::TestMonthlyMetricsCalculatorOptimized::test_month_boundaries_calendar[2024-4-30] PASSED [ 54%]
tests/unit/test_monthly_metrics_calculator.py::TestMonthlyMetricsCalculatorOptimized::test_month_boundaries_calendar[2024-12-31] PASSED [ 54%]
tests/unit/test_monthly_metrics_calculator.py::TestMonthlyMetricsCalculatorOptimized::test_comparisons[yoy-compare_year_over_year-params0] FAILED [ 54%]
tests/unit/test_monthly_metrics_calculator.py::TestMonthlyMetricsCalculatorOptimized::test_comparisons[growth-calculate_growth_rate-params1] FAILED [ 55%]
tests/unit/test_monthly_metrics_calculator.py::TestMonthlyMetricsCalculatorOptimized::test_distribution_analysis PASSED [ 55%]
tests/unit/test_monthly_metrics_calculator.py::TestMonthlyMetricsCalculatorOptimized::test_edge_cases[minimal-TestMetric-2024-1-ValueError] PASSED [ 55%]
tests/unit/test_monthly_metrics_calculator.py::TestMonthlyMetricsCalculatorOptimized::test_edge_cases[empty-NonExistent-2024-1-None] PASSED [ 55%]
tests/unit/test_monthly_metrics_calculator.py::TestMonthlyMetricsCalculatorOptimized::test_invalid_month_handling[2024-13] PASSED [ 55%]
tests/unit/test_monthly_metrics_calculator.py::TestMonthlyMetricsCalculatorOptimized::test_invalid_month_handling[2024-0] PASSED [ 55%]
tests/unit/test_monthly_metrics_calculator.py::TestMonthlyMetricsCalculatorOptimized::test_invalid_month_handling[2024--1] PASSED [ 55%]
tests/unit/test_monthly_metrics_calculator.py::TestMonthlyMetricsCalculatorOptimized::test_parallel_processing PASSED [ 55%]
tests/unit/test_monthly_metrics_calculator.py::TestMonthlyMetricsCalculatorOptimized::test_monthly_summary_and_caching PASSED [ 55%]
tests/unit/test_monthly_metrics_calculator.py::TestMonthlyMetricsCalculatorOptimized::test_performance_with_large_dataset PASSED [ 56%]
tests/unit/test_monthly_metrics_calculator.py::TestMonthlyMetricsIntegration::test_mode_consistency_across_operations FAILED [ 56%]
tests/unit/test_monthly_metrics_calculator.py::TestMonthlyMetricsIntegration::test_leap_year_handling_comprehensive PASSED [ 56%]
tests/unit/test_optimized_analytics_engine.py::TestOptimizedAnalyticsEngine::test_initialization FAILED [ 56%]
tests/unit/test_optimized_analytics_engine.py::TestOptimizedAnalyticsEngine::test_process_request_daily_metrics FAILED [ 56%]
tests/unit/test_optimized_analytics_engine.py::TestOptimizedAnalyticsEngine::test_process_request_with_cache FAILED [ 56%]
tests/unit/test_optimized_analytics_engine.py::TestOptimizedAnalyticsEngine::test_batch_processing FAILED [ 56%]
tests/unit/test_optimized_analytics_engine.py::TestOptimizedAnalyticsEngine::test_stream_processing FAILED [ 56%]
tests/unit/test_optimized_analytics_engine.py::TestOptimizedAnalyticsEngine::test_progressive_loading FAILED [ 56%]
tests/unit/test_optimized_analytics_engine.py::TestOptimizedAnalyticsEngine::test_priority_handling FAILED [ 57%]
tests/unit/test_optimized_analytics_engine.py::TestOptimizedAnalyticsEngine::test_error_handling FAILED [ 57%]
tests/unit/test_optimized_analytics_engine.py::TestOptimizedAnalyticsEngine::test_concurrent_requests FAILED [ 57%]
tests/unit/test_optimized_analytics_engine.py::TestOptimizedAnalyticsEngine::test_shutdown FAILED [ 57%]
tests/unit/test_optimized_analytics_engine.py::TestOptimizedAnalyticsEngine::test_get_performance_stats FAILED [ 57%]
tests/unit/test_optimized_analytics_engine.py::TestOptimizedAnalyticsEngine::test_optimize_calculation FAILED [ 57%]
tests/unit/test_optimized_analytics_engine.py::TestAnalyticsRequest::test_request_creation PASSED [ 57%]
tests/unit/test_optimized_analytics_engine.py::TestAnalyticsRequest::test_request_hash PASSED [ 57%]
tests/unit/test_optimized_analytics_engine.py::TestAnalyticsRequest::test_request_with_options PASSED [ 57%]
tests/unit/test_optimized_analytics_engine.py::TestCacheIntegration::test_cache_warming FAILED [ 58%]
tests/unit/test_optimized_analytics_engine.py::TestPerformanceOptimizations::test_query_optimization FAILED [ 58%]
tests/unit/test_optimized_analytics_engine.py::TestPerformanceOptimizations::test_memory_efficient_processing FAILED [ 58%]
tests/unit/test_peer_group_comparison.py::TestGroupMember::test_member_initialization PASSED [ 58%]
tests/unit/test_peer_group_comparison.py::TestGroupMember::test_member_with_long_id PASSED [ 58%]
tests/unit/test_peer_group_comparison.py::TestPeerGroup::test_group_initialization PASSED [ 58%]
tests/unit/test_peer_group_comparison.py::TestPeerGroup::test_member_count PASSED [ 58%]
tests/unit/test_peer_group_comparison.py::TestPeerGroup::test_invite_code_generation PASSED [ 58%]
tests/unit/test_peer_group_comparison.py::TestPeerGroupManager::test_manager_initialization PASSED [ 58%]
tests/unit/test_peer_group_comparison.py::TestPeerGroupManager::test_create_group PASSED [ 59%]
tests/unit/test_peer_group_comparison.py::TestPeerGroupManager::test_join_group_public PASSED [ 59%]
tests/unit/test_peer_group_comparison.py::TestPeerGroupManager::test_join_group_private PASSED [ 59%]
tests/unit/test_peer_group_comparison.py::TestPeerGroupManager::test_join_group_already_member PASSED [ 59%]
tests/unit/test_peer_group_comparison.py::TestPeerGroupManager::test_leave_group PASSED [ 59%]
tests/unit/test_peer_group_comparison.py::TestPeerGroupManager::test_group_statistics PASSED [ 59%]
tests/unit/test_peer_group_comparison.py::TestPeerGroupManager::test_group_statistics_too_small PASSED [ 59%]
tests/unit/test_peer_group_comparison.py::TestPeerGroupManager::test_compare_to_group PASSED [ 59%]
tests/unit/test_peer_group_comparison.py::TestPeerGroupManager::test_compare_to_group_not_member PASSED [ 59%]
tests/unit/test_peer_group_comparison.py::TestPeerGroupManager::test_member_index PASSED [ 60%]
tests/unit/test_peer_group_comparison.py::TestAnonymousMetricData::test_metric_data_initialization PASSED [ 60%]
tests/unit/test_peer_group_comparison.py::TestAnonymousMetricData::test_differential_privacy PASSED [ 60%]
tests/unit/test_peer_group_comparison.py::TestGroupChallenge::test_challenge_initialization FAILED [ 60%]
tests/unit/test_peer_group_comparison.py::TestGroupChallenge::test_challenge_active_status FAILED [ 60%]
tests/unit/test_peer_group_comparison.py::TestGroupChallengeManager::test_create_challenge PASSED [ 60%]
tests/unit/test_peer_group_comparison.py::TestGroupChallengeManager::test_create_challenge_invalid_group PASSED [ 60%]
tests/unit/test_personal_records_tracker.py::TestRecord::test_record_creation PASSED [ 60%]
tests/unit/test_personal_records_tracker.py::TestRecord::test_record_no_previous_value PASSED [ 60%]
tests/unit/test_personal_records_tracker.py::TestRecord::test_record_zero_previous_value PASSED [ 61%]
tests/unit/test_personal_records_tracker.py::TestStreakTracker::test_streak_initialization PASSED [ 61%]
tests/unit/test_personal_records_tracker.py::TestStreakTracker::test_consistency_streak_tracking PASSED [ 61%]
tests/unit/test_personal_records_tracker.py::TestStreakTracker::test_streak_info_retrieval PASSED [ 61%]
tests/unit/test_personal_records_tracker.py::TestRecordStore::test_add_and_retrieve_record PASSED [ 61%]
tests/unit/test_personal_records_tracker.py::TestRecordStore::test_get_all_records PASSED [ 61%]
tests/unit/test_personal_records_tracker.py::TestAchievementSystem::test_achievement_system_initialization PASSED [ 61%]
tests/unit/test_personal_records_tracker.py::TestAchievementSystem::test_first_record_achievement PASSED [ 61%]
tests/unit/test_personal_records_tracker.py::TestAchievementSystem::test_streak_achievements PASSED [ 61%]
tests/unit/test_personal_records_tracker.py::TestAchievementSystem::test_improvement_achievement PASSED [ 62%]
tests/unit/test_personal_records_tracker.py::TestPersonalRecordsTracker::test_tracker_initialization PASSED [ 62%]
tests/unit/test_personal_records_tracker.py::TestPersonalRecordsTracker::test_single_day_record_detection FAILED [ 62%]
tests/unit/test_personal_records_tracker.py::TestPersonalRecordsTracker::test_rolling_average_detection FAILED [ 62%]
tests/unit/test_personal_records_tracker.py::TestPersonalRecordsTracker::test_streak_record_detection PASSED [ 62%]
tests/unit/test_personal_records_tracker.py::TestPersonalRecordsTracker::test_get_all_records PASSED [ 62%]
tests/unit/test_personal_records_tracker.py::TestPersonalRecordsTracker::test_get_achievements PASSED [ 62%]
tests/unit/test_personal_records_tracker.py::TestPersonalRecordsTracker::test_process_new_record FAILED [ 62%]
tests/unit/test_personal_records_tracker.py::TestRecordDetectionLogic::test_edge_case_equal_values PASSED [ 62%]
tests/unit/test_personal_records_tracker.py::TestRecordDetectionLogic::test_rolling_average_insufficient_data PASSED [ 63%]
tests/unit/test_personal_records_tracker.py::TestRecordDetectionLogic::test_missing_data_handling PASSED [ 63%]
tests/unit/test_predictive_analytics.py::TestFeatureBuilder::test_build_features PASSED [ 63%]
tests/unit/test_predictive_analytics.py::TestFeatureBuilder::test_build_next_features PASSED [ 63%]
tests/unit/test_predictive_analytics.py::TestFeatureBuilder::test_build_features_with_context PASSED [ 63%]
tests/unit/test_predictive_analytics.py::TestForecasters::test_arima_forecaster PASSED [ 63%]
tests/unit/test_predictive_analytics.py::TestForecasters::test_random_forest_forecaster PASSED [ 63%]
tests/unit/test_predictive_analytics.py::TestForecasters::test_linear_forecaster PASSED [ 63%]
tests/unit/test_predictive_analytics.py::TestForecasters::test_arima_forecast_multiple_periods PASSED [ 63%]
tests/unit/test_predictive_analytics.py::TestPredictiveAnalytics::test_predict_next_day PASSED [ 64%]
tests/unit/test_predictive_analytics.py::TestPredictiveAnalytics::test_forecast_weekly_trend PASSED [ 64%]
tests/unit/test_predictive_analytics.py::TestPredictiveAnalytics::test_predict_with_context PASSED [ 64%]
tests/unit/test_predictive_analytics.py::TestGoalAchievementPredictor::test_predict_goal_achievement PASSED [ 64%]
tests/unit/test_predictive_analytics.py::TestGoalAchievementPredictor::test_goal_types PASSED [ 64%]
tests/unit/test_predictive_analytics.py::TestHealthRiskPredictor::test_assess_health_risks PASSED [ 64%]
tests/unit/test_predictive_analytics.py::TestHealthRiskPredictor::test_anomaly_detection PASSED [ 64%]
tests/unit/test_predictive_analytics.py::TestHealthRiskPredictor::test_trend_risk_detection PASSED [ 64%]
tests/unit/test_predictive_analytics.py::TestAccuracyTracker::test_track_and_calculate_accuracy 