/home/alexf/claude-env/lib/python3.12/site-packages/pytest_asyncio/plugin.py:208: PytestDeprecationWarning: The configuration option "asyncio_default_fixture_loop_scope" is unset.
The event loop scope for asynchronous fixtures will default to the fixture caching scope. Future versions of pytest-asyncio will default the loop scope for asynchronous fixtures to function scope. Set the default fixture loop scope explicitly in order to avoid unexpected behavior in the future. Valid fixture loop scopes are: "function", "class", "module", "package", "session"

  warnings.warn(PytestDeprecationWarning(_DEFAULT_FIXTURE_LOOP_SCOPE_UNSET))
============================= test session starts ==============================
platform linux -- Python 3.12.3, pytest-8.3.5, pluggy-1.6.0 -- /home/alexf/claude-env/bin/python3
cachedir: .pytest_cache
benchmark: 5.1.0 (defaults: timer=time.perf_counter disable_gc=False min_rounds=5 min_time=0.000005 max_time=1.0 calibration_precision=10 warmup=False warmup_iterations=100000)
hypothesis profile 'default'
Matplotlib: 3.10.3
Freetype: 2.6.1
PyQt6 6.9.0 -- Qt runtime 6.9.0 -- Qt compiled 6.9.0
metadata: {'Python': '3.12.3', 'Platform': 'Linux-5.15.167.4-microsoft-standard-WSL2-x86_64-with-glibc2.39', 'Packages': {'pytest': '8.3.5', 'pluggy': '1.6.0'}, 'Plugins': {'benchmark': '5.1.0', 'hypothesis': '6.131.28', 'rerunfailures': '15.1', 'anyio': '4.9.0', 'reverse': '1.8.0', 'mock': '3.14.0', 'mpl': '0.17.0', 'qt': '4.4.0', 'xdist': '3.7.0', 'Faker': '37.3.0', 'timeout': '2.4.0', 'cov': '6.1.1', 'asyncio': '1.0.0', 'html': '4.1.1', 'metadata': '3.1.1'}}
rootdir: /mnt/c/Users/alexf/OneDrive/Documents/Projects/Apple Health Exports
configfile: pytest.ini
plugins: benchmark-5.1.0, hypothesis-6.131.28, rerunfailures-15.1, anyio-4.9.0, reverse-1.8.0, mock-3.14.0, mpl-0.17.0, qt-4.4.0, xdist-3.7.0, Faker-37.3.0, timeout-2.4.0, cov-6.1.1, asyncio-1.0.0, html-4.1.1, metadata-3.1.1
asyncio: mode=Mode.STRICT, asyncio_default_fixture_loop_scope=None, asyncio_default_test_loop_scope=function
collecting ... collected 896 items

tests/unit/test_accessibility_compliance.py::TestVisualizationAccessibilityManager::test_initialization PASSED [  0%]
tests/unit/test_accessibility_compliance.py::TestVisualizationAccessibilityManager::test_make_chart_accessible FAILED [  0%]
tests/unit/test_accessibility_compliance.py::TestVisualizationAccessibilityManager::test_accessibility_validation PASSED [  0%]
tests/unit/test_accessibility_compliance.py::TestWCAGValidator::test_wcag_validation PASSED [  0%]
tests/unit/test_accessibility_compliance.py::TestWCAGValidator::test_contrast_requirements PASSED [  0%]
tests/unit/test_accessibility_compliance.py::TestColorAccessibilityManager::test_contrast_calculation PASSED [  0%]
tests/unit/test_accessibility_compliance.py::TestColorAccessibilityManager::test_colorblind_palettes PASSED [  0%]
tests/unit/test_accessibility_compliance.py::TestColorAccessibilityManager::test_high_contrast_palette PASSED [  0%]
tests/unit/test_accessibility_compliance.py::TestColorAccessibilityManager::test_color_enhancement PASSED [  1%]
tests/unit/test_accessibility_compliance.py::TestScreenReaderSupport::test_chart_description_creation PASSED [  1%]
tests/unit/test_accessibility_compliance.py::TestScreenReaderSupport::test_announcement_queue PASSED [  1%]
tests/unit/test_accessibility_compliance.py::TestKeyboardNavigation::test_default_shortcuts PASSED [  1%]
tests/unit/test_accessibility_compliance.py::TestKeyboardNavigation::test_shortcut_descriptions PASSED [  1%]
tests/unit/test_accessibility_compliance.py::TestAccessibleChartMixin::test_basic_accessibility_setup PASSED [  1%]
tests/unit/test_accessibility_compliance.py::TestAccessibleChartMixin::test_keyboard_navigation PASSED [  1%]
tests/unit/test_accessibility_compliance.py::TestAccessibleChartMixin::test_high_contrast_toggle PASSED [  1%]
tests/unit/test_accessibility_compliance.py::TestAccessibleChartMixin::test_announcements PASSED [  1%]
tests/unit/test_accessibility_compliance.py::TestAlternativeRepresentations::test_data_table_creation PASSED [  2%]
tests/unit/test_accessibility_compliance.py::TestAlternativeRepresentations::test_sonification_basic PASSED [  2%]
tests/unit/test_accessibility_compliance.py::TestAlternativeRepresentations::test_haptic_feedback_generation PASSED [  2%]
tests/unit/test_accessibility_compliance.py::TestIntegration::test_full_accessibility_workflow FAILED [  2%]
tests/unit/test_accessibility_compliance.py::TestIntegration::test_wcag_compliance_reporting PASSED [  2%]
tests/unit/test_activity_timeline_component.py::TestActivityTimelineComponent::test_initialization PASSED [  2%]
tests/unit/test_activity_timeline_component.py::TestActivityTimelineComponent::test_view_mode_switching PASSED [  2%]
tests/unit/test_activity_timeline_component.py::TestActivityTimelineComponent::test_time_grouping_changes PASSED [  2%]
tests/unit/test_activity_timeline_component.py::TestActivityTimelineComponent::test_data_update PASSED [  2%]
tests/unit/test_activity_timeline_component.py::TestActivityTimelineComponent::test_activity_pattern_detection PASSED [  3%]
tests/unit/test_activity_timeline_component.py::TestActivityTimelineComponent::test_clustering_toggle PASSED [  3%]
tests/unit/test_activity_timeline_component.py::TestActivityTimelineComponent::test_correlation_calculation PASSED [  3%]
tests/unit/test_activity_timeline_component.py::TestActivityTimelineComponent::test_info_panel_updates PASSED [  3%]
tests/unit/test_activity_timeline_component.py::TestActivityTimelineComponent::test_empty_data_handling PASSED [  3%]
tests/unit/test_activity_timeline_component.py::TestActivityTimelineComponent::test_sparse_data_handling PASSED [  3%]
tests/unit/test_activity_timeline_component.py::TestActivityTimelineComponent::test_time_range_signal PASSED [  3%]
tests/unit/test_activity_timeline_component.py::TestActivityTimelineComponent::test_ml_clustering_edge_cases PASSED [  3%]
tests/unit/test_activity_timeline_component.py::TestActivityTimelineComponent::test_color_interpolation PASSED [  3%]
tests/unit/test_activity_timeline_component.py::TestTimelineVisualizationWidget::test_paint_event_switching PASSED [  4%]
tests/unit/test_activity_timeline_component.py::TestTimelineVisualizationWidget::test_mouse_interaction PASSED [  4%]
tests/unit/test_activity_timeline_component.py::TestWSJStyling::test_color_palette PASSED [  4%]
tests/unit/test_activity_timeline_component.py::TestWSJStyling::test_stylesheet_application PASSED [  4%]
tests/unit/test_adaptive_display_logic.py::TestDataAvailabilityService::test_initialization PASSED [  4%]
tests/unit/test_adaptive_display_logic.py::TestDataAvailabilityService::test_callback_registration PASSED [  4%]
tests/unit/test_adaptive_display_logic.py::TestDataAvailabilityService::test_cache_invalidation PASSED [  4%]
tests/unit/test_adaptive_display_logic.py::TestDataAvailabilityService::test_scan_availability_empty_database PASSED [  4%]
tests/unit/test_adaptive_display_logic.py::TestDataAvailabilityService::test_scan_availability_with_data PASSED [  4%]
tests/unit/test_adaptive_display_logic.py::TestDataAvailabilityService::test_availability_level_determination PASSED [  5%]
tests/unit/test_adaptive_display_logic.py::TestDataAvailabilityService::test_get_available_ranges_no_data PASSED [  5%]
tests/unit/test_adaptive_display_logic.py::TestDataAvailabilityService::test_get_available_ranges_with_data PASSED [  5%]
tests/unit/test_adaptive_display_logic.py::TestDataAvailabilityService::test_suggest_default_range PASSED [  5%]
tests/unit/test_adaptive_display_logic.py::TestDataAvailabilityService::test_edge_case_future_dates PASSED [  5%]
tests/unit/test_adaptive_display_logic.py::TestDataAvailabilityService::test_gap_detection PASSED [  5%]
tests/unit/test_adaptive_display_logic.py::TestDataAvailabilityService::test_cache_validity PASSED [  5%]
tests/unit/test_adaptive_display_logic.py::TestAvailabilityLevels::test_availability_level_enum PASSED [  5%]
tests/unit/test_adaptive_display_logic.py::TestAvailabilityLevels::test_time_range_enum PASSED [  5%]
tests/unit/test_adaptive_display_logic.py::TestDataRange::test_data_range_creation PASSED [  6%]
tests/unit/test_adaptive_display_logic.py::TestRangeAvailability::test_range_availability_creation PASSED [  6%]
tests/unit/test_analytics_optimized.py::TestAnalyticsComponents::test_empty_data_handling PASSED [  6%]
tests/unit/test_analytics_optimized.py::TestAnalyticsComponents::test_null_handling PASSED [  6%]
tests/unit/test_analytics_optimized.py::TestAnalyticsComponents::test_single_data_point PASSED [  6%]
tests/unit/test_analytics_optimized.py::TestAnalyticsComponents::test_calculation_consistency PASSED [  6%]
tests/unit/test_analytics_optimized.py::TestCorrelationAnalysis::test_empty_data_handling PASSED [  6%]
tests/unit/test_analytics_optimized.py::TestCorrelationAnalysis::test_null_handling PASSED [  6%]
tests/unit/test_analytics_optimized.py::TestCorrelationAnalysis::test_single_data_point PASSED [  6%]
tests/unit/test_analytics_optimized.py::TestCorrelationAnalysis::test_calculation_consistency PASSED [  7%]
tests/unit/test_analytics_optimized.py::TestCorrelationAnalysis::test_correlation_initialization[sample_analytics_data-6] PASSED [  7%]
tests/unit/test_analytics_optimized.py::TestCorrelationAnalysis::test_correlation_initialization[time_series_data-3] PASSED [  7%]
tests/unit/test_analytics_optimized.py::TestCorrelationAnalysis::test_correlation_methods[pearson-3] PASSED [  7%]
tests/unit/test_analytics_optimized.py::TestCorrelationAnalysis::test_correlation_methods[spearman-3] PASSED [  7%]
tests/unit/test_analytics_optimized.py::TestCorrelationAnalysis::test_strong_correlations_thresholds[0.3-2] PASSED [  7%]
tests/unit/test_analytics_optimized.py::TestCorrelationAnalysis::test_strong_correlations_thresholds[0.5-1] PASSED [  7%]
tests/unit/test_analytics_optimized.py::TestCorrelationAnalysis::test_strong_correlations_thresholds[0.8-0] PASSED [  7%]
tests/unit/test_analytics_optimized.py::TestCorrelationAnalysis::test_time_lagged_correlations PASSED [  7%]
tests/unit/test_analytics_optimized.py::TestAnomalyDetection::test_empty_data_handling PASSED [  8%]
tests/unit/test_analytics_optimized.py::TestAnomalyDetection::test_null_handling PASSED [  8%]
tests/unit/test_analytics_optimized.py::TestAnomalyDetection::test_single_data_point PASSED [  8%]
tests/unit/test_analytics_optimized.py::TestAnomalyDetection::test_calculation_consistency PASSED [  8%]
tests/unit/test_analytics_optimized.py::TestAnomalyDetection::test_detection_methods[DetectionMethod.ZSCORE-1] PASSED [  8%]
tests/unit/test_analytics_optimized.py::TestAnomalyDetection::test_detection_methods[DetectionMethod.MODIFIED_ZSCORE-1] PASSED [  8%]
tests/unit/test_analytics_optimized.py::TestAnomalyDetection::test_detection_methods[DetectionMethod.IQR-1] PASSED [  8%]
tests/unit/test_analytics_optimized.py::TestAnomalyDetection::test_threshold_sensitivity[2.0-5] PASSED [  8%]
tests/unit/test_analytics_optimized.py::TestAnomalyDetection::test_threshold_sensitivity[3.0-3] PASSED [  8%]
tests/unit/test_analytics_optimized.py::TestAnomalyDetection::test_threshold_sensitivity[4.0-1] PASSED [  9%]
tests/unit/test_analytics_optimized.py::TestAnomalyDetection::test_anomaly_severity_classification PASSED [  9%]
tests/unit/test_analytics_optimized.py::TestCausalityDetection::test_empty_data_handling PASSED [  9%]
tests/unit/test_analytics_optimized.py::TestCausalityDetection::test_null_handling PASSED [  9%]
tests/unit/test_analytics_optimized.py::TestCausalityDetection::test_single_data_point PASSED [  9%]
tests/unit/test_analytics_optimized.py::TestCausalityDetection::test_calculation_consistency PASSED [  9%]
tests/unit/test_analytics_optimized.py::TestCausalityDetection::test_granger_causality[exercise_minutes-weight-3] PASSED [  9%]
tests/unit/test_analytics_optimized.py::TestCausalityDetection::test_granger_causality[sleep_hours-heart_rate-1] PASSED [  9%]
tests/unit/test_analytics_optimized.py::TestCausalityDetection::test_causality_methods[granger] PASSED [  9%]
tests/unit/test_analytics_optimized.py::TestCausalityDetection::test_causality_methods[bidirectional] PASSED [ 10%]
tests/unit/test_analytics_optimized.py::TestCausalityDetection::test_causality_methods[network] PASSED [ 10%]
tests/unit/test_analytics_optimized.py::TestCausalityDetection::test_causal_network_discovery PASSED [ 10%]
tests/unit/test_analytics_optimized.py::TestAnalyticsIntegration::test_empty_data_handling PASSED [ 10%]
tests/unit/test_analytics_optimized.py::TestAnalyticsIntegration::test_null_handling PASSED [ 10%]
tests/unit/test_analytics_optimized.py::TestAnalyticsIntegration::test_single_data_point PASSED [ 10%]
tests/unit/test_analytics_optimized.py::TestAnalyticsIntegration::test_calculation_consistency PASSED [ 10%]
tests/unit/test_analytics_optimized.py::TestAnalyticsIntegration::test_correlation_anomaly_integration PASSED [ 10%]
tests/unit/test_analytics_optimized.py::TestAnalyticsIntegration::test_rolling_analytics[30] PASSED [ 10%]
tests/unit/test_analytics_optimized.py::TestAnalyticsIntegration::test_rolling_analytics[60] PASSED [ 11%]
tests/unit/test_analytics_optimized.py::TestAnalyticsIntegration::test_rolling_analytics[90] PASSED [ 11%]
tests/unit/test_analytics_optimized.py::TestAnalyticsIntegration::test_analytics_system_factory PASSED [ 11%]
tests/unit/test_analytics_optimized.py::TestAnalyticsPerformance::test_correlation_performance[100] PASSED [ 11%]
tests/unit/test_analytics_optimized.py::TestAnalyticsPerformance::test_correlation_performance[500] PASSED [ 11%]
tests/unit/test_analytics_optimized.py::TestAnalyticsPerformance::test_correlation_performance[1000] PASSED [ 11%]
tests/unit/test_analytics_optimized.py::TestAnalyticsPerformance::test_anomaly_detection_scalability[5] PASSED [ 11%]
tests/unit/test_analytics_optimized.py::TestAnalyticsPerformance::test_anomaly_detection_scalability[10] PASSED [ 11%]
tests/unit/test_analytics_optimized.py::TestAnalyticsPerformance::test_anomaly_detection_scalability[15] PASSED [ 11%]
tests/unit/test_cache_manager.py::TestCacheEntry::test_cache_entry_creation PASSED [ 12%]
tests/unit/test_cache_manager.py::TestCacheEntry::test_cache_entry_expiration PASSED [ 12%]
tests/unit/test_cache_manager.py::TestLRUCache::test_lru_cache_basic_operations PASSED [ 12%]
tests/unit/test_cache_manager.py::TestLRUCache::test_lru_cache_eviction PASSED [ 12%]
tests/unit/test_cache_manager.py::TestLRUCache::test_lru_cache_access_order PASSED [ 12%]
tests/unit/test_cache_manager.py::TestLRUCache::test_lru_cache_ttl_expiration PASSED [ 12%]
tests/unit/test_cache_manager.py::TestLRUCache::test_lru_cache_pattern_invalidation PASSED [ 12%]
tests/unit/test_cache_manager.py::TestLRUCache::test_lru_cache_dependency_invalidation PASSED [ 12%]
tests/unit/test_cache_manager.py::TestLRUCache::test_lru_cache_thread_safety PASSED [ 12%]
tests/unit/test_cache_manager.py::TestSQLiteCache::test_sqlite_cache_basic_operations PASSED [ 13%]
tests/unit/test_cache_manager.py::TestSQLiteCache::test_sqlite_cache_ttl_expiration PASSED [ 13%]
tests/unit/test_cache_manager.py::TestSQLiteCache::test_sqlite_cache_cleanup_expired PASSED [ 13%]
tests/unit/test_cache_manager.py::TestSQLiteCache::test_sqlite_cache_pattern_invalidation PASSED [ 13%]
tests/unit/test_cache_manager.py::TestDiskCache::test_disk_cache_basic_operations PASSED [ 13%]
tests/unit/test_cache_manager.py::TestDiskCache::test_disk_cache_compression PASSED [ 13%]
tests/unit/test_cache_manager.py::TestDiskCache::test_disk_cache_metadata PASSED [ 13%]
tests/unit/test_cache_manager.py::TestAnalyticsCacheManager::test_cache_manager_tier_fallback PASSED [ 13%]
tests/unit/test_cache_manager.py::TestAnalyticsCacheManager::test_cache_manager_tier_promotion PASSED [ 13%]
tests/unit/test_cache_manager.py::TestAnalyticsCacheManager::test_cache_manager_metrics PASSED [ 14%]
tests/unit/test_cache_manager.py::TestAnalyticsCacheManager::test_cache_manager_invalidation PASSED [ 14%]
tests/unit/test_cache_manager.py::TestCacheKey::test_cache_key_basic PASSED [ 14%]
tests/unit/test_cache_manager.py::TestCacheKey::test_cache_key_kwargs PASSED [ 14%]
tests/unit/test_cache_manager.py::TestCacheKey::test_cache_key_datetime PASSED [ 14%]
tests/unit/test_cache_manager.py::TestCacheKey::test_cache_key_consistency PASSED [ 14%]
tests/unit/test_cache_manager.py::TestCacheIntegration::test_cache_with_real_data PASSED [ 14%]
tests/unit/test_cache_manager.py::TestCacheIntegration::test_cache_memory_limits PASSED [ 14%]
tests/unit/test_cache_manager.py::TestCacheIntegration::test_concurrent_cache_access PASSED [ 14%]
tests/unit/test_calendar_heatmap.py::TestCalendarHeatmapComponent::test_initialization PASSED [ 15%]
tests/unit/test_calendar_heatmap.py::TestCalendarHeatmapComponent::test_set_metric_data PASSED [ 15%]
tests/unit/test_calendar_heatmap.py::TestCalendarHeatmapComponent::test_change_view_mode PASSED [ 15%]
tests/unit/test_calendar_heatmap.py::TestCalendarHeatmapComponent::test_change_color_scale PASSED [ 15%]
tests/unit/test_calendar_heatmap.py::TestCalendarHeatmapComponent::test_toggle_patterns PASSED [ 15%]
tests/unit/test_calendar_heatmap.py::TestCalendarHeatmapComponent::test_get_color_for_value PASSED [ 15%]
tests/unit/test_calendar_heatmap.py::TestCalendarHeatmapComponent::test_animation_progress_property PASSED [ 15%]
tests/unit/test_calendar_heatmap.py::TestCalendarHeatmapComponent::test_set_current_date PASSED [ 15%]
tests/unit/test_calendar_heatmap.py::TestCalendarHeatmapComponent::test_color_scale_initialization PASSED [ 15%]
tests/unit/test_calendar_heatmap.py::TestMouseInteraction::test_mouse_press_release PASSED [ 16%]
tests/unit/test_calendar_heatmap.py::TestMouseInteraction::test_hover_interaction PASSED [ 16%]
tests/unit/test_calendar_heatmap.py::TestDataHandling::test_empty_data PASSED [ 16%]
tests/unit/test_calendar_heatmap.py::TestDataHandling::test_single_data_point PASSED [ 16%]
tests/unit/test_calendar_heatmap.py::TestDataHandling::test_large_dataset PASSED [ 16%]
tests/unit/test_calendar_heatmap.py::TestDataHandling::test_data_bounds_calculation PASSED [ 16%]
tests/unit/test_calendar_heatmap.py::TestGitHubStyleSpecifics::test_github_style_is_default PASSED [ 16%]
tests/unit/test_calendar_heatmap.py::TestGitHubStyleSpecifics::test_github_style_rendering PASSED [ 16%]
tests/unit/test_calendar_heatmap.py::TestColorInterpolation::test_color_interpolation_extremes PASSED [ 16%]
tests/unit/test_calendar_heatmap.py::TestColorInterpolation::test_color_interpolation_edge_cases PASSED [ 17%]
tests/unit/test_calendar_heatmap.py::TestSignals::test_view_mode_changed_signal PASSED [ 17%]
tests/unit/test_calendar_heatmap.py::TestSignals::test_date_clicked_signal PASSED [ 17%]
tests/unit/test_calendar_heatmap.py::test_calendar_heatmap_alias PASSED  [ 17%]
tests/unit/test_comparative_analytics.py::TestPrivacyManager::test_privacy_manager_initialization PASSED [ 17%]
tests/unit/test_comparative_analytics.py::TestPrivacyManager::test_permission_checking PASSED [ 17%]
tests/unit/test_comparative_analytics.py::TestPrivacyManager::test_value_anonymization PASSED [ 17%]
tests/unit/test_comparative_analytics.py::TestComparativeAnalyticsEngine::test_engine_initialization PASSED [ 17%]
tests/unit/test_comparative_analytics.py::TestComparativeAnalyticsEngine::test_historical_comparison PASSED [ 17%]
tests/unit/test_comparative_analytics.py::TestComparativeAnalyticsEngine::test_historical_comparison_trend_detection PASSED [ 18%]
tests/unit/test_comparative_analytics.py::TestComparativeAnalyticsEngine::test_demographic_comparison_no_permission PASSED [ 18%]
tests/unit/test_comparative_analytics.py::TestComparativeAnalyticsEngine::test_demographic_comparison_with_permission PASSED [ 18%]
tests/unit/test_comparative_analytics.py::TestComparativeAnalyticsEngine::test_seasonal_comparison PASSED [ 18%]
tests/unit/test_comparative_analytics.py::TestInsightsGenerator::test_demographic_insights_generation PASSED [ 18%]
tests/unit/test_comparative_analytics.py::TestInsightsGenerator::test_seasonal_insights PASSED [ 18%]
tests/unit/test_comparative_analytics.py::TestInsightsGenerator::test_historical_insights PASSED [ 18%]
tests/unit/test_comparative_analytics.py::TestDemographicCohort::test_cohort_validation PASSED [ 18%]
tests/unit/test_comparative_analytics.py::TestComparisonResult::test_comparison_result_initialization PASSED [ 18%]
tests/unit/test_comparative_analytics.py::TestComparisonResult::test_comparison_result_defaults PASSED [ 19%]
tests/unit/test_comparative_analytics.py::TestComparisonResult::test_input_validation PASSED [ 19%]
tests/unit/test_comparative_analytics.py::TestComparisonResult::test_secure_random_generation PASSED [ 19%]
tests/unit/test_comparative_analytics.py::TestComparisonResult::test_error_handling_in_historical_comparison FAILED [ 19%]
tests/unit/test_comparison_overlay_calculator.py::TestComparisonOverlayCalculator::test_calculate_weekly_average_normal_case PASSED [ 19%]
tests/unit/test_comparison_overlay_calculator.py::TestComparisonOverlayCalculator::test_calculate_weekly_average_insufficient_data PASSED [ 19%]
tests/unit/test_comparison_overlay_calculator.py::TestComparisonOverlayCalculator::test_calculate_weekly_average_exclude_current PASSED [ 19%]
tests/unit/test_comparison_overlay_calculator.py::TestComparisonOverlayCalculator::test_calculate_monthly_average_normal_case PASSED [ 19%]
tests/unit/test_comparison_overlay_calculator.py::TestComparisonOverlayCalculator::test_calculate_monthly_average_with_seasonal_adjustment PASSED [ 19%]
tests/unit/test_comparison_overlay_calculator.py::TestComparisonOverlayCalculator::test_calculate_monthly_average_insufficient_data PASSED [ 20%]
tests/unit/test_comparison_overlay_calculator.py::TestComparisonOverlayCalculator::test_calculate_personal_best_higher_is_better PASSED [ 20%]
tests/unit/test_comparison_overlay_calculator.py::TestComparisonOverlayCalculator::test_calculate_personal_best_lower_is_better PASSED [ 20%]
tests/unit/test_comparison_overlay_calculator.py::TestComparisonOverlayCalculator::test_calculate_personal_best_empty_data PASSED [ 20%]
tests/unit/test_comparison_overlay_calculator.py::TestComparisonOverlayCalculator::test_calculate_historical_comparison_default_periods PASSED [ 20%]
tests/unit/test_comparison_overlay_calculator.py::TestComparisonOverlayCalculator::test_calculate_historical_comparison_custom_periods PASSED [ 20%]
tests/unit/test_comparison_overlay_calculator.py::TestComparisonOverlayCalculator::test_calculate_historical_comparison_no_data PASSED [ 20%]
tests/unit/test_comparison_overlay_calculator.py::TestComparisonOverlayCalculator::test_check_statistical_significance_significant PASSED [ 20%]
tests/unit/test_comparison_overlay_calculator.py::TestComparisonOverlayCalculator::test_check_statistical_significance_not_significant PASSED [ 20%]
tests/unit/test_comparison_overlay_calculator.py::TestComparisonOverlayCalculator::test_check_statistical_significance_insufficient_data PASSED [ 21%]
tests/unit/test_comparison_overlay_calculator.py::TestComparisonOverlayCalculator::test_check_statistical_significance_zero_std PASSED [ 21%]
tests/unit/test_comparison_overlay_calculator.py::TestComparisonOverlayCalculator::test_generate_context_message_new_personal_best PASSED [ 21%]
tests/unit/test_comparison_overlay_calculator.py::TestComparisonOverlayCalculator::test_generate_context_message_above_averages PASSED [ 21%]
tests/unit/test_comparison_overlay_calculator.py::TestComparisonOverlayCalculator::test_generate_context_message_below_averages PASSED [ 21%]
tests/unit/test_comparison_overlay_calculator.py::TestComparisonOverlayCalculator::test_generate_context_message_no_significant_differences PASSED [ 21%]
tests/unit/test_comparison_overlay_calculator.py::TestComparisonOverlayCalculator::test_generate_context_message_empty_comparisons PASSED [ 21%]
tests/unit/test_comparison_overlay_calculator.py::TestComparisonOverlayCalculator::test_generate_context_message_error_handling PASSED [ 21%]
tests/unit/test_comparison_overlay_calculator.py::TestComparisonOverlayCalculator::test_seasonal_component_calculation FAILED [ 21%]
tests/unit/test_comparison_overlay_calculator.py::TestComparisonOverlayCalculator::test_overlay_data_structure PASSED [ 22%]
tests/unit/test_comparison_overlay_calculator.py::TestComparisonOverlayCalculator::test_comparison_result_structure PASSED [ 22%]
tests/unit/test_comparison_overlay_calculator.py::TestComparisonOverlayCalculatorIntegration::test_full_overlay_workflow PASSED [ 22%]
tests/unit/test_comparison_overlay_calculator.py::TestComparisonOverlayCalculatorIntegration::test_overlay_availability_by_data_length[5-0] PASSED [ 22%]
tests/unit/test_comparison_overlay_calculator.py::TestComparisonOverlayCalculatorIntegration::test_overlay_availability_by_data_length[10-1] PASSED [ 22%]
tests/unit/test_comparison_overlay_calculator.py::TestComparisonOverlayCalculatorIntegration::test_overlay_availability_by_data_length[40-2] PASSED [ 22%]
tests/unit/test_comparison_overlay_calculator.py::TestComparisonOverlayCalculatorIntegration::test_overlay_availability_by_data_length[400-3] PASSED [ 22%]
tests/unit/test_daily_dashboard_navigation.py::TestDailyDashboardNavigation::test_initial_date_is_today PASSED [ 22%]
tests/unit/test_daily_dashboard_navigation.py::TestDailyDashboardNavigation::test_go_to_previous_day PASSED [ 22%]
tests/unit/test_daily_dashboard_navigation.py::TestDailyDashboardNavigation::test_go_to_next_day PASSED [ 23%]
tests/unit/test_daily_dashboard_navigation.py::TestDailyDashboardNavigation::test_go_to_today PASSED [ 23%]
tests/unit/test_daily_dashboard_navigation.py::TestDailyDashboardNavigation::test_cannot_navigate_beyond_today PASSED [ 23%]
tests/unit/test_daily_dashboard_navigation.py::TestDailyDashboardNavigation::test_date_picker_navigation PASSED [ 23%]
tests/unit/test_daily_dashboard_navigation.py::TestDailyDashboardNavigation::test_navigation_updates_display PASSED [ 23%]
tests/unit/test_daily_dashboard_navigation.py::TestDailyDashboardNavigation::test_navigation_with_data_loading FAILED [ 23%]

=================================== FAILURES ===================================
_______ TestVisualizationAccessibilityManager.test_make_chart_accessible _______
tests/unit/test_accessibility_compliance.py:97: in test_make_chart_accessible
    with patch('src.ui.accessibility.alternative_representations.AlternativeRepresentations.create_data_table') as mock_create_table:
/usr/lib/python3.12/unittest/mock.py:1442: in __enter__
    self.target = self.getter()
/usr/lib/python3.12/pkgutil.py:528: in resolve_name
    result = getattr(result, p)
E   AttributeError: module 'src.ui.accessibility.alternative_representations' has no attribute 'AlternativeRepresentations'. Did you mean: 'AlternativeRepresentationManager'?
---------------------------- Captured stderr setup -----------------------------
2025-05-30 11:02:14 - INFO - Initialized ScreenReaderManager
2025-05-30 11:02:14 - INFO - Initialized KeyboardNavigationManager
2025-05-30 11:02:14 - INFO - Initialized ColorAccessibilityManager
2025-05-30 11:02:14 - INFO - Initialized DataSonification
2025-05-30 11:02:14 - INFO - Initialized AlternativeRepresentationManager
2025-05-30 11:02:14 - INFO - Initialized VisualizationAccessibilityManager
------------------------------ Captured log setup ------------------------------
INFO     apple_health_monitor.src.ui.accessibility.screen_reader_support:screen_reader_support.py:32 Initialized ScreenReaderManager
INFO     apple_health_monitor.src.ui.accessibility.keyboard_navigation:keyboard_navigation.py:59 Initialized KeyboardNavigationManager
INFO     apple_health_monitor.src.ui.accessibility.color_accessibility:color_accessibility.py:92 Initialized ColorAccessibilityManager
INFO     apple_health_monitor.src.ui.accessibility.alternative_representations:alternative_representations.py:216 Initialized DataSonification
INFO     apple_health_monitor.src.ui.accessibility.alternative_representations:alternative_representations.py:489 Initialized AlternativeRepresentationManager
INFO     apple_health_monitor.src.ui.accessibility.accessibility_manager:accessibility_manager.py:81 Initialized VisualizationAccessibilityManager
_______________ TestIntegration.test_full_accessibility_workflow _______________
tests/unit/test_accessibility_compliance.py:440: in test_full_accessibility_workflow
    with patch('src.ui.accessibility.alternative_representations.AlternativeRepresentations.create_data_table') as mock_create_table:
/usr/lib/python3.12/unittest/mock.py:1442: in __enter__
    self.target = self.getter()
/usr/lib/python3.12/pkgutil.py:528: in resolve_name
    result = getattr(result, p)
E   AttributeError: module 'src.ui.accessibility.alternative_representations' has no attribute 'AlternativeRepresentations'. Did you mean: 'AlternativeRepresentationManager'?
---------------------------- Captured stderr setup -----------------------------
2025-05-30 11:02:19 - INFO - Initialized ScreenReaderManager
2025-05-30 11:02:19 - INFO - Initialized KeyboardNavigationManager
2025-05-30 11:02:19 - INFO - Initialized ColorAccessibilityManager
2025-05-30 11:02:19 - INFO - Initialized DataSonification
2025-05-30 11:02:19 - INFO - Initialized AlternativeRepresentationManager
2025-05-30 11:02:19 - INFO - Initialized VisualizationAccessibilityManager
------------------------------ Captured log setup ------------------------------
INFO     apple_health_monitor.src.ui.accessibility.screen_reader_support:screen_reader_support.py:32 Initialized ScreenReaderManager
INFO     apple_health_monitor.src.ui.accessibility.keyboard_navigation:keyboard_navigation.py:59 Initialized KeyboardNavigationManager
INFO     apple_health_monitor.src.ui.accessibility.color_accessibility:color_accessibility.py:92 Initialized ColorAccessibilityManager
INFO     apple_health_monitor.src.ui.accessibility.alternative_representations:alternative_representations.py:216 Initialized DataSonification
INFO     apple_health_monitor.src.ui.accessibility.alternative_representations:alternative_representations.py:489 Initialized AlternativeRepresentationManager
INFO     apple_health_monitor.src.ui.accessibility.accessibility_manager:accessibility_manager.py:81 Initialized VisualizationAccessibilityManager
______ TestComparisonResult.test_error_handling_in_historical_comparison _______
C:\Users\alexf\OneDrive\Documents\Projects\Apple Health Exports\tests\unit\test_comparative_analytics.py:431: in test_error_handling_in_historical_comparison
    ???
E   assert HistoricalComparison(rolling_7_day=None, rolling_30_day=None, rolling_90_day=None, rolling_365_day=None, same_period_last_year=None, personal_best=None, personal_average=None, trend_direction=None) is None
------------------------------ Captured log call -------------------------------
ERROR    src.analytics.comparative_analytics:comparative_analytics.py:349 Error in compare_to_historical: Simulated error
_____ TestComparisonOverlayCalculator.test_seasonal_component_calculation ______
tests/unit/test_comparison_overlay_calculator.py:306: in test_seasonal_component_calculation
    assert summer_component > winter_component
E   assert np.float64(-2.547174144879277) > np.float64(-1.465524391597854)
________ TestDailyDashboardNavigation.test_navigation_with_data_loading ________
tests/unit/test_daily_dashboard_navigation.py:130: in test_navigation_with_data_loading
    with patch.object(daily_dashboard, 'data_access') as mock_data_access:
/usr/lib/python3.12/unittest/mock.py:1458: in __enter__
    original, local = self.get_original()
/usr/lib/python3.12/unittest/mock.py:1431: in get_original
    raise AttributeError(
E   AttributeError: <src.ui.daily_dashboard_widget.DailyDashboardWidget object at 0x7f3d9c1a3c50> does not have the attribute 'data_access'
=============================== warnings summary ===============================
tests/unit/test_analytics_optimized.py::TestAnalyticsComponents::test_null_handling
tests/unit/test_analytics_optimized.py::TestAnalyticsComponents::test_null_handling
  /mnt/c/Users/alexf/OneDrive/Documents/Projects/Apple Health Exports/src/analytics/correlation_analyzer.py:167: FutureWarning: Setting an item of incompatible dtype is deprecated and will raise an error in a future version of pandas. Value '0.396*' has dtype incompatible with float64, please explicitly cast to a compatible dtype first.
    result.iloc[i, j] = f"{corr_val:.3f}*"

tests/unit/test_analytics_optimized.py::TestAnalyticsComponents::test_single_data_point
tests/unit/test_analytics_optimized.py::TestAnalyticsComponents::test_single_data_point
  /mnt/c/Users/alexf/OneDrive/Documents/Projects/Apple Health Exports/src/analytics/correlation_analyzer.py:167: FutureWarning: Setting an item of incompatible dtype is deprecated and will raise an error in a future version of pandas. Value '-0.367*' has dtype incompatible with float64, please explicitly cast to a compatible dtype first.
    result.iloc[i, j] = f"{corr_val:.3f}*"

tests/unit/test_analytics_optimized.py::TestCorrelationAnalysis::test_empty_data_handling
tests/unit/test_analytics_optimized.py::TestCorrelationAnalysis::test_empty_data_handling
  /mnt/c/Users/alexf/OneDrive/Documents/Projects/Apple Health Exports/src/analytics/correlation_analyzer.py:167: FutureWarning: Setting an item of incompatible dtype is deprecated and will raise an error in a future version of pandas. Value '-0.381*' has dtype incompatible with float64, please explicitly cast to a compatible dtype first.
    result.iloc[i, j] = f"{corr_val:.3f}*"

tests/unit/test_analytics_optimized.py::TestCorrelationAnalysis::test_empty_data_handling
  /mnt/c/Users/alexf/OneDrive/Documents/Projects/Apple Health Exports/src/analytics/correlation_analyzer.py:165: FutureWarning: Setting an item of incompatible dtype is deprecated and will raise an error in a future version of pandas. Value '-0.468**' has dtype incompatible with float64, please explicitly cast to a compatible dtype first.
    result.iloc[i, j] = f"{corr_val:.3f}**"

tests/unit/test_analytics_optimized.py: 12 warnings
  /mnt/c/Users/alexf/OneDrive/Documents/Projects/Apple Health Exports/src/analytics/correlation_analyzer.py:163: FutureWarning: Setting an item of incompatible dtype is deprecated and will raise an error in a future version of pandas. Value '0.991***' has dtype incompatible with float64, please explicitly cast to a compatible dtype first.
    result.iloc[i, j] = f"{corr_val:.3f}***"

tests/unit/test_analytics_optimized.py::TestCorrelationAnalysis::test_correlation_methods[pearson-3]
tests/unit/test_analytics_optimized.py::TestCorrelationAnalysis::test_strong_correlations_thresholds[0.3-2]
tests/unit/test_analytics_optimized.py::TestCorrelationAnalysis::test_strong_correlations_thresholds[0.5-1]
tests/unit/test_analytics_optimized.py::TestCorrelationAnalysis::test_strong_correlations_thresholds[0.8-0]
tests/unit/test_analytics_optimized.py::TestAnalyticsIntegration::test_correlation_anomaly_integration
  /mnt/c/Users/alexf/OneDrive/Documents/Projects/Apple Health Exports/src/analytics/correlation_analyzer.py:163: FutureWarning: Setting an item of incompatible dtype is deprecated and will raise an error in a future version of pandas. Value '0.793***' has dtype incompatible with float64, please explicitly cast to a compatible dtype first.
    result.iloc[i, j] = f"{corr_val:.3f}***"

tests/unit/test_analytics_optimized.py::TestCorrelationAnalysis::test_correlation_methods[pearson-3]
tests/unit/test_analytics_optimized.py::TestCorrelationAnalysis::test_strong_correlations_thresholds[0.3-2]
tests/unit/test_analytics_optimized.py::TestCorrelationAnalysis::test_strong_correlations_thresholds[0.5-1]
tests/unit/test_analytics_optimized.py::TestCorrelationAnalysis::test_strong_correlations_thresholds[0.8-0]
tests/unit/test_analytics_optimized.py::TestAnalyticsIntegration::test_correlation_anomaly_integration
  /mnt/c/Users/alexf/OneDrive/Documents/Projects/Apple Health Exports/src/analytics/correlation_analyzer.py:163: FutureWarning: Setting an item of incompatible dtype is deprecated and will raise an error in a future version of pandas. Value '-0.789***' has dtype incompatible with float64, please explicitly cast to a compatible dtype first.
    result.iloc[i, j] = f"{corr_val:.3f}***"

tests/unit/test_analytics_optimized.py::TestCorrelationAnalysis::test_correlation_methods[pearson-3]
tests/unit/test_analytics_optimized.py::TestCorrelationAnalysis::test_strong_correlations_thresholds[0.3-2]
tests/unit/test_analytics_optimized.py::TestCorrelationAnalysis::test_strong_correlations_thresholds[0.5-1]
tests/unit/test_analytics_optimized.py::TestCorrelationAnalysis::test_strong_correlations_thresholds[0.8-0]
tests/unit/test_analytics_optimized.py::TestAnalyticsIntegration::test_correlation_anomaly_integration
  /mnt/c/Users/alexf/OneDrive/Documents/Projects/Apple Health Exports/src/analytics/correlation_analyzer.py:163: FutureWarning: Setting an item of incompatible dtype is deprecated and will raise an error in a future version of pandas. Value '0.642***' has dtype incompatible with float64, please explicitly cast to a compatible dtype first.
    result.iloc[i, j] = f"{corr_val:.3f}***"

tests/unit/test_analytics_optimized.py::TestCorrelationAnalysis::test_correlation_methods[pearson-3]
tests/unit/test_analytics_optimized.py::TestCorrelationAnalysis::test_correlation_methods[spearman-3]
  /mnt/c/Users/alexf/OneDrive/Documents/Projects/Apple Health Exports/tests/unit/test_analytics_optimized.py:118: FutureWarning: Series.__getitem__ treating keys as positions is deprecated. In a future version, integer keys will always be treated as labels (consistent with DataFrame behavior). To access a value by position, use `ser.iloc[pos]`
    if correlations.dtypes[0] == 'object':

tests/unit/test_analytics_optimized.py::TestCorrelationAnalysis::test_correlation_methods[pearson-3]
tests/unit/test_analytics_optimized.py::TestCorrelationAnalysis::test_correlation_methods[spearman-3]
  /mnt/c/Users/alexf/OneDrive/Documents/Projects/Apple Health Exports/tests/unit/test_analytics_optimized.py:120: FutureWarning: DataFrame.applymap has been deprecated. Use DataFrame.map instead.
    numeric_corrs = correlations.applymap(

tests/unit/test_analytics_optimized.py::TestCorrelationAnalysis::test_correlation_methods[spearman-3]
  /mnt/c/Users/alexf/OneDrive/Documents/Projects/Apple Health Exports/src/analytics/correlation_analyzer.py:163: FutureWarning: Setting an item of incompatible dtype is deprecated and will raise an error in a future version of pandas. Value '0.758***' has dtype incompatible with float64, please explicitly cast to a compatible dtype first.
    result.iloc[i, j] = f"{corr_val:.3f}***"

tests/unit/test_analytics_optimized.py::TestCorrelationAnalysis::test_correlation_methods[spearman-3]
  /mnt/c/Users/alexf/OneDrive/Documents/Projects/Apple Health Exports/src/analytics/correlation_analyzer.py:163: FutureWarning: Setting an item of incompatible dtype is deprecated and will raise an error in a future version of pandas. Value '-0.807***' has dtype incompatible with float64, please explicitly cast to a compatible dtype first.
    result.iloc[i, j] = f"{corr_val:.3f}***"

tests/unit/test_analytics_optimized.py::TestCorrelationAnalysis::test_correlation_methods[spearman-3]
  /mnt/c/Users/alexf/OneDrive/Documents/Projects/Apple Health Exports/src/analytics/correlation_analyzer.py:163: FutureWarning: Setting an item of incompatible dtype is deprecated and will raise an error in a future version of pandas. Value '0.605***' has dtype incompatible with float64, please explicitly cast to a compatible dtype first.
    result.iloc[i, j] = f"{corr_val:.3f}***"

tests/unit/test_analytics_optimized.py::TestCorrelationAnalysis::test_strong_correlations_thresholds[0.3-2]
tests/unit/test_analytics_optimized.py::TestCorrelationAnalysis::test_strong_correlations_thresholds[0.5-1]
tests/unit/test_analytics_optimized.py::TestCorrelationAnalysis::test_strong_correlations_thresholds[0.8-0]
  /mnt/c/Users/alexf/OneDrive/Documents/Projects/Apple Health Exports/tests/unit/test_analytics_optimized.py:140: FutureWarning: Series.__getitem__ treating keys as positions is deprecated. In a future version, integer keys will always be treated as labels (consistent with DataFrame behavior). To access a value by position, use `ser.iloc[pos]`
    if correlations.dtypes[0] == 'object':

tests/unit/test_analytics_optimized.py::TestAnomalyDetection::test_empty_data_handling
tests/unit/test_analytics_optimized.py::TestAnomalyDetection::test_empty_data_handling
tests/unit/test_analytics_optimized.py::TestAnalyticsIntegration::test_empty_data_handling
tests/unit/test_analytics_optimized.py::TestAnalyticsIntegration::test_empty_data_handling
  /mnt/c/Users/alexf/OneDrive/Documents/Projects/Apple Health Exports/src/analytics/correlation_analyzer.py:167: FutureWarning: Setting an item of incompatible dtype is deprecated and will raise an error in a future version of pandas. Value '-0.382*' has dtype incompatible with float64, please explicitly cast to a compatible dtype first.
    result.iloc[i, j] = f"{corr_val:.3f}*"

tests/unit/test_analytics_optimized.py::TestAnomalyDetection::test_single_data_point
tests/unit/test_analytics_optimized.py::TestAnomalyDetection::test_single_data_point
tests/unit/test_analytics_optimized.py::TestAnalyticsIntegration::test_single_data_point
tests/unit/test_analytics_optimized.py::TestAnalyticsIntegration::test_single_data_point
  /mnt/c/Users/alexf/OneDrive/Documents/Projects/Apple Health Exports/src/analytics/correlation_analyzer.py:167: FutureWarning: Setting an item of incompatible dtype is deprecated and will raise an error in a future version of pandas. Value '0.389*' has dtype incompatible with float64, please explicitly cast to a compatible dtype first.
    result.iloc[i, j] = f"{corr_val:.3f}*"

tests/unit/test_analytics_optimized.py::TestCausalityDetection::test_null_handling
tests/unit/test_analytics_optimized.py::TestCausalityDetection::test_null_handling
  /mnt/c/Users/alexf/OneDrive/Documents/Projects/Apple Health Exports/src/analytics/correlation_analyzer.py:167: FutureWarning: Setting an item of incompatible dtype is deprecated and will raise an error in a future version of pandas. Value '-0.418*' has dtype incompatible with float64, please explicitly cast to a compatible dtype first.
    result.iloc[i, j] = f"{corr_val:.3f}*"

tests/unit/test_analytics_optimized.py: 97 warnings
  /home/alexf/claude-env/lib/python3.12/site-packages/statsmodels/tsa/stattools.py:1556: FutureWarning: verbose is deprecated since functions should not print results
    warnings.warn(

tests/unit/test_analytics_optimized.py::TestAnalyticsIntegration::test_rolling_analytics[30]
tests/unit/test_analytics_optimized.py::TestAnalyticsIntegration::test_rolling_analytics[30]
tests/unit/test_analytics_optimized.py::TestAnalyticsIntegration::test_rolling_analytics[30]
  /mnt/c/Users/alexf/OneDrive/Documents/Projects/Apple Health Exports/src/analytics/correlation_analyzer.py:163: FutureWarning: Setting an item of incompatible dtype is deprecated and will raise an error in a future version of pandas. Value '0.980***' has dtype incompatible with float64, please explicitly cast to a compatible dtype first.
    result.iloc[i, j] = f"{corr_val:.3f}***"

tests/unit/test_analytics_optimized.py::TestAnalyticsIntegration::test_rolling_analytics[30]
tests/unit/test_analytics_optimized.py::TestAnalyticsIntegration::test_rolling_analytics[60]
tests/unit/test_analytics_optimized.py::TestAnalyticsIntegration::test_rolling_analytics[60]
  /mnt/c/Users/alexf/OneDrive/Documents/Projects/Apple Health Exports/src/analytics/correlation_analyzer.py:163: FutureWarning: Setting an item of incompatible dtype is deprecated and will raise an error in a future version of pandas. Value '0.944***' has dtype incompatible with float64, please explicitly cast to a compatible dtype first.
    result.iloc[i, j] = f"{corr_val:.3f}***"

tests/unit/test_analytics_optimized.py::TestAnalyticsIntegration::test_rolling_analytics[30]
  /mnt/c/Users/alexf/OneDrive/Documents/Projects/Apple Health Exports/src/analytics/correlation_analyzer.py:167: FutureWarning: Setting an item of incompatible dtype is deprecated and will raise an error in a future version of pandas. Value '0.391*' has dtype incompatible with float64, please explicitly cast to a compatible dtype first.
    result.iloc[i, j] = f"{corr_val:.3f}*"

tests/unit/test_analytics_optimized.py::TestAnalyticsIntegration::test_rolling_analytics[30]
tests/unit/test_analytics_optimized.py::TestAnalyticsIntegration::test_rolling_analytics[30]
tests/unit/test_analytics_optimized.py::TestAnalyticsIntegration::test_rolling_analytics[30]
  /mnt/c/Users/alexf/OneDrive/Documents/Projects/Apple Health Exports/src/analytics/correlation_analyzer.py:163: FutureWarning: Setting an item of incompatible dtype is deprecated and will raise an error in a future version of pandas. Value '0.981***' has dtype incompatible with float64, please explicitly cast to a compatible dtype first.
    result.iloc[i, j] = f"{corr_val:.3f}***"

tests/unit/test_analytics_optimized.py::TestAnalyticsIntegration::test_rolling_analytics[30]
  /mnt/c/Users/alexf/OneDrive/Documents/Projects/Apple Health Exports/src/analytics/correlation_analyzer.py:163: FutureWarning: Setting an item of incompatible dtype is deprecated and will raise an error in a future version of pandas. Value '0.942***' has dtype incompatible with float64, please explicitly cast to a compatible dtype first.
    result.iloc[i, j] = f"{corr_val:.3f}***"

tests/unit/test_analytics_optimized.py::TestAnalyticsIntegration::test_rolling_analytics[30]
  /mnt/c/Users/alexf/OneDrive/Documents/Projects/Apple Health Exports/src/analytics/correlation_analyzer.py:167: FutureWarning: Setting an item of incompatible dtype is deprecated and will raise an error in a future version of pandas. Value '0.382*' has dtype incompatible with float64, please explicitly cast to a compatible dtype first.
    result.iloc[i, j] = f"{corr_val:.3f}*"

tests/unit/test_analytics_optimized.py::TestAnalyticsIntegration::test_rolling_analytics[30]
tests/unit/test_analytics_optimized.py::TestAnalyticsIntegration::test_rolling_analytics[30]
tests/unit/test_analytics_optimized.py::TestAnalyticsIntegration::test_rolling_analytics[30]
tests/unit/test_analytics_optimized.py::TestAnalyticsIntegration::test_rolling_analytics[30]
tests/unit/test_analytics_optimized.py::TestAnalyticsIntegration::test_rolling_analytics[30]
  /mnt/c/Users/alexf/OneDrive/Documents/Projects/Apple Health Exports/src/analytics/correlation_analyzer.py:163: FutureWarning: Setting an item of incompatible dtype is deprecated and will raise an error in a future version of pandas. Value '0.982***' has dtype incompatible with float64, please explicitly cast to a compatible dtype first.
    result.iloc[i, j] = f"{corr_val:.3f}***"

tests/unit/test_analytics_optimized.py::TestAnalyticsIntegration::test_rolling_analytics[30]
tests/unit/test_analytics_optimized.py::TestAnalyticsIntegration::test_rolling_analytics[30]
  /mnt/c/Users/alexf/OneDrive/Documents/Projects/Apple Health Exports/src/analytics/correlation_analyzer.py:163: FutureWarning: Setting an item of incompatible dtype is deprecated and will raise an error in a future version of pandas. Value '0.950***' has dtype incompatible with float64, please explicitly cast to a compatible dtype first.
    result.iloc[i, j] = f"{corr_val:.3f}***"

tests/unit/test_analytics_optimized.py::TestAnalyticsIntegration::test_rolling_analytics[30]
tests/unit/test_analytics_optimized.py::TestAnalyticsIntegration::test_rolling_analytics[30]
  /mnt/c/Users/alexf/OneDrive/Documents/Projects/Apple Health Exports/src/analytics/correlation_analyzer.py:163: FutureWarning: Setting an item of incompatible dtype is deprecated and will raise an error in a future version of pandas. Value '0.984***' has dtype incompatible with float64, please explicitly cast to a compatible dtype first.
    result.iloc[i, j] = f"{corr_val:.3f}***"

tests/unit/test_analytics_optimized.py::TestAnalyticsIntegration::test_rolling_analytics[30]
  /mnt/c/Users/alexf/OneDrive/Documents/Projects/Apple Health Exports/src/analytics/correlation_analyzer.py:167: FutureWarning: Setting an item of incompatible dtype is deprecated and will raise an error in a future version of pandas. Value '-0.362*' has dtype incompatible with float64, please explicitly cast to a compatible dtype first.
    result.iloc[i, j] = f"{corr_val:.3f}*"

tests/unit/test_analytics_optimized.py: 16 warnings
  /mnt/c/Users/alexf/OneDrive/Documents/Projects/Apple Health Exports/src/analytics/correlation_analyzer.py:163: FutureWarning: Setting an item of incompatible dtype is deprecated and will raise an error in a future version of pandas. Value '0.983***' has dtype incompatible with float64, please explicitly cast to a compatible dtype first.
    result.iloc[i, j] = f"{corr_val:.3f}***"

tests/unit/test_analytics_optimized.py::TestAnalyticsIntegration::test_rolling_analytics[30]
tests/unit/test_analytics_optimized.py::TestAnalyticsIntegration::test_rolling_analytics[30]
  /mnt/c/Users/alexf/OneDrive/Documents/Projects/Apple Health Exports/src/analytics/correlation_analyzer.py:163: FutureWarning: Setting an item of incompatible dtype is deprecated and will raise an error in a future version of pandas. Value '0.955***' has dtype incompatible with float64, please explicitly cast to a compatible dtype first.
    result.iloc[i, j] = f"{corr_val:.3f}***"

tests/unit/test_analytics_optimized.py::TestAnalyticsIntegration::test_rolling_analytics[30]
tests/unit/test_analytics_optimized.py::TestAnalyticsIntegration::test_rolling_analytics[30]
tests/unit/test_analytics_optimized.py::TestAnalyticsIntegration::test_rolling_analytics[60]
tests/unit/test_analytics_optimized.py::TestAnalyticsIntegration::test_rolling_analytics[60]
tests/unit/test_analytics_optimized.py::TestAnalyticsIntegration::test_rolling_analytics[90]
tests/unit/test_analytics_optimized.py::TestAnalyticsIntegration::test_rolling_analytics[90]
  /mnt/c/Users/alexf/OneDrive/Documents/Projects/Apple Health Exports/src/analytics/correlation_analyzer.py:163: FutureWarning: Setting an item of incompatible dtype is deprecated and will raise an error in a future version of pandas. Value '0.986***' has dtype incompatible with float64, please explicitly cast to a compatible dtype first.
    result.iloc[i, j] = f"{corr_val:.3f}***"

tests/unit/test_analytics_optimized.py::TestAnalyticsIntegration::test_rolling_analytics[30]
  /mnt/c/Users/alexf/OneDrive/Documents/Projects/Apple Health Exports/src/analytics/correlation_analyzer.py:163: FutureWarning: Setting an item of incompatible dtype is deprecated and will raise an error in a future version of pandas. Value '0.953***' has dtype incompatible with float64, please explicitly cast to a compatible dtype first.
    result.iloc[i, j] = f"{corr_val:.3f}***"

tests/unit/test_analytics_optimized.py: 10 warnings
  /mnt/c/Users/alexf/OneDrive/Documents/Projects/Apple Health Exports/src/analytics/correlation_analyzer.py:163: FutureWarning: Setting an item of incompatible dtype is deprecated and will raise an error in a future version of pandas. Value '0.985***' has dtype incompatible with float64, please explicitly cast to a compatible dtype first.
    result.iloc[i, j] = f"{corr_val:.3f}***"

tests/unit/test_analytics_optimized.py::TestAnalyticsIntegration::test_rolling_analytics[30]
tests/unit/test_analytics_optimized.py::TestAnalyticsIntegration::test_rolling_analytics[30]
  /mnt/c/Users/alexf/OneDrive/Documents/Projects/Apple Health Exports/src/analytics/correlation_analyzer.py:163: FutureWarning: Setting an item of incompatible dtype is deprecated and will raise an error in a future version of pandas. Value '0.974***' has dtype incompatible with float64, please explicitly cast to a compatible dtype first.
    result.iloc[i, j] = f"{corr_val:.3f}***"

tests/unit/test_analytics_optimized.py::TestAnalyticsIntegration::test_rolling_analytics[30]
tests/unit/test_analytics_optimized.py::TestAnalyticsIntegration::test_rolling_analytics[90]
  /mnt/c/Users/alexf/OneDrive/Documents/Projects/Apple Health Exports/src/analytics/correlation_analyzer.py:163: FutureWarning: Setting an item of incompatible dtype is deprecated and will raise an error in a future version of pandas. Value '0.915***' has dtype incompatible with float64, please explicitly cast to a compatible dtype first.
    result.iloc[i, j] = f"{corr_val:.3f}***"

tests/unit/test_analytics_optimized.py::TestAnalyticsIntegration::test_rolling_analytics[30]
  /mnt/c/Users/alexf/OneDrive/Documents/Projects/Apple Health Exports/src/analytics/correlation_analyzer.py:163: FutureWarning: Setting an item of incompatible dtype is deprecated and will raise an error in a future version of pandas. Value '0.971***' has dtype incompatible with float64, please explicitly cast to a compatible dtype first.
    result.iloc[i, j] = f"{corr_val:.3f}***"

tests/unit/test_analytics_optimized.py::TestAnalyticsIntegration::test_rolling_analytics[30]
  /mnt/c/Users/alexf/OneDrive/Documents/Projects/Apple Health Exports/src/analytics/correlation_analyzer.py:167: FutureWarning: Setting an item of incompatible dtype is deprecated and will raise an error in a future version of pandas. Value '0.433*' has dtype incompatible with float64, please explicitly cast to a compatible dtype first.
    result.iloc[i, j] = f"{corr_val:.3f}*"

tests/unit/test_analytics_optimized.py::TestAnalyticsIntegration::test_rolling_analytics[30]
  /mnt/c/Users/alexf/OneDrive/Documents/Projects/Apple Health Exports/src/analytics/correlation_analyzer.py:167: FutureWarning: Setting an item of incompatible dtype is deprecated and will raise an error in a future version of pandas. Value '-0.450*' has dtype incompatible with float64, please explicitly cast to a compatible dtype first.
    result.iloc[i, j] = f"{corr_val:.3f}*"

tests/unit/test_analytics_optimized.py::TestAnalyticsIntegration::test_rolling_analytics[30]
  /mnt/c/Users/alexf/OneDrive/Documents/Projects/Apple Health Exports/src/analytics/correlation_analyzer.py:163: FutureWarning: Setting an item of incompatible dtype is deprecated and will raise an error in a future version of pandas. Value '0.960***' has dtype incompatible with float64, please explicitly cast to a compatible dtype first.
    result.iloc[i, j] = f"{corr_val:.3f}***"

tests/unit/test_analytics_optimized.py::TestAnalyticsIntegration::test_rolling_analytics[30]
  /mnt/c/Users/alexf/OneDrive/Documents/Projects/Apple Health Exports/src/analytics/correlation_analyzer.py:167: FutureWarning: Setting an item of incompatible dtype is deprecated and will raise an error in a future version of pandas. Value '-0.402*' has dtype incompatible with float64, please explicitly cast to a compatible dtype first.
    result.iloc[i, j] = f"{corr_val:.3f}*"

tests/unit/test_analytics_optimized.py::TestAnalyticsIntegration::test_rolling_analytics[30]
  /mnt/c/Users/alexf/OneDrive/Documents/Projects/Apple Health Exports/src/analytics/correlation_analyzer.py:163: FutureWarning: Setting an item of incompatible dtype is deprecated and will raise an error in a future version of pandas. Value '0.948***' has dtype incompatible with float64, please explicitly cast to a compatible dtype first.
    result.iloc[i, j] = f"{corr_val:.3f}***"

tests/unit/test_analytics_optimized.py::TestAnalyticsIntegration::test_rolling_analytics[30]
tests/unit/test_analytics_optimized.py::TestAnalyticsIntegration::test_rolling_analytics[30]
  /mnt/c/Users/alexf/OneDrive/Documents/Projects/Apple Health Exports/src/analytics/correlation_analyzer.py:163: FutureWarning: Setting an item of incompatible dtype is deprecated and will raise an error in a future version of pandas. Value '0.987***' has dtype incompatible with float64, please explicitly cast to a compatible dtype first.
    result.iloc[i, j] = f"{corr_val:.3f}***"

tests/unit/test_analytics_optimized.py::TestAnalyticsIntegration::test_rolling_analytics[30]
  /mnt/c/Users/alexf/OneDrive/Documents/Projects/Apple Health Exports/src/analytics/correlation_analyzer.py:163: FutureWarning: Setting an item of incompatible dtype is deprecated and will raise an error in a future version of pandas. Value '0.952***' has dtype incompatible with float64, please explicitly cast to a compatible dtype first.
    result.iloc[i, j] = f"{corr_val:.3f}***"

tests/unit/test_analytics_optimized.py::TestAnalyticsIntegration::test_rolling_analytics[30]
tests/unit/test_analytics_optimized.py::TestAnalyticsIntegration::test_rolling_analytics[30]
  /mnt/c/Users/alexf/OneDrive/Documents/Projects/Apple Health Exports/src/analytics/correlation_analyzer.py:163: FutureWarning: Setting an item of incompatible dtype is deprecated and will raise an error in a future version of pandas. Value '0.979***' has dtype incompatible with float64, please explicitly cast to a compatible dtype first.
    result.iloc[i, j] = f"{corr_val:.3f}***"

tests/unit/test_analytics_optimized.py::TestAnalyticsIntegration::test_rolling_analytics[30]
  /mnt/c/Users/alexf/OneDrive/Documents/Projects/Apple Health Exports/src/analytics/correlation_analyzer.py:163: FutureWarning: Setting an item of incompatible dtype is deprecated and will raise an error in a future version of pandas. Value '0.947***' has dtype incompatible with float64, please explicitly cast to a compatible dtype first.
    result.iloc[i, j] = f"{corr_val:.3f}***"

tests/unit/test_analytics_optimized.py::TestAnalyticsIntegration::test_rolling_analytics[60]
  /mnt/c/Users/alexf/OneDrive/Documents/Projects/Apple Health Exports/src/analytics/correlation_analyzer.py:163: FutureWarning: Setting an item of incompatible dtype is deprecated and will raise an error in a future version of pandas. Value '0.800***' has dtype incompatible with float64, please explicitly cast to a compatible dtype first.
    result.iloc[i, j] = f"{corr_val:.3f}***"

tests/unit/test_analytics_optimized.py::TestAnalyticsIntegration::test_rolling_analytics[60]
  /mnt/c/Users/alexf/OneDrive/Documents/Projects/Apple Health Exports/src/analytics/correlation_analyzer.py:163: FutureWarning: Setting an item of incompatible dtype is deprecated and will raise an error in a future version of pandas. Value '0.937***' has dtype incompatible with float64, please explicitly cast to a compatible dtype first.
    result.iloc[i, j] = f"{corr_val:.3f}***"

tests/unit/test_analytics_optimized.py::TestAnalyticsIntegration::test_rolling_analytics[60]
  /mnt/c/Users/alexf/OneDrive/Documents/Projects/Apple Health Exports/src/analytics/correlation_analyzer.py:163: FutureWarning: Setting an item of incompatible dtype is deprecated and will raise an error in a future version of pandas. Value '0.828***' has dtype incompatible with float64, please explicitly cast to a compatible dtype first.
    result.iloc[i, j] = f"{corr_val:.3f}***"

tests/unit/test_analytics_optimized.py::TestAnalyticsIntegration::test_rolling_analytics[60]
  /mnt/c/Users/alexf/OneDrive/Documents/Projects/Apple Health Exports/src/analytics/correlation_analyzer.py:163: FutureWarning: Setting an item of incompatible dtype is deprecated and will raise an error in a future version of pandas. Value '0.949***' has dtype incompatible with float64, please explicitly cast to a compatible dtype first.
    result.iloc[i, j] = f"{corr_val:.3f}***"

tests/unit/test_analytics_optimized.py::TestAnalyticsIntegration::test_rolling_analytics[60]
  /mnt/c/Users/alexf/OneDrive/Documents/Projects/Apple Health Exports/src/analytics/correlation_analyzer.py:163: FutureWarning: Setting an item of incompatible dtype is deprecated and will raise an error in a future version of pandas. Value '-0.485***' has dtype incompatible with float64, please explicitly cast to a compatible dtype first.
    result.iloc[i, j] = f"{corr_val:.3f}***"

tests/unit/test_analytics_optimized.py::TestAnalyticsIntegration::test_rolling_analytics[60]
  /mnt/c/Users/alexf/OneDrive/Documents/Projects/Apple Health Exports/src/analytics/correlation_analyzer.py:163: FutureWarning: Setting an item of incompatible dtype is deprecated and will raise an error in a future version of pandas. Value '0.818***' has dtype incompatible with float64, please explicitly cast to a compatible dtype first.
    result.iloc[i, j] = f"{corr_val:.3f}***"

tests/unit/test_analytics_optimized.py::TestAnalyticsIntegration::test_rolling_analytics[60]
  /mnt/c/Users/alexf/OneDrive/Documents/Projects/Apple Health Exports/src/analytics/correlation_analyzer.py:165: FutureWarning: Setting an item of incompatible dtype is deprecated and will raise an error in a future version of pandas. Value '0.343**' has dtype incompatible with float64, please explicitly cast to a compatible dtype first.
    result.iloc[i, j] = f"{corr_val:.3f}**"

tests/unit/test_analytics_optimized.py::TestAnalyticsIntegration::test_rolling_analytics[60]
  /mnt/c/Users/alexf/OneDrive/Documents/Projects/Apple Health Exports/src/analytics/correlation_analyzer.py:165: FutureWarning: Setting an item of incompatible dtype is deprecated and will raise an error in a future version of pandas. Value '-0.383**' has dtype incompatible with float64, please explicitly cast to a compatible dtype first.
    result.iloc[i, j] = f"{corr_val:.3f}**"

tests/unit/test_analytics_optimized.py::TestAnalyticsIntegration::test_rolling_analytics[60]
  /mnt/c/Users/alexf/OneDrive/Documents/Projects/Apple Health Exports/src/analytics/correlation_analyzer.py:163: FutureWarning: Setting an item of incompatible dtype is deprecated and will raise an error in a future version of pandas. Value '0.820***' has dtype incompatible with float64, please explicitly cast to a compatible dtype first.
    result.iloc[i, j] = f"{corr_val:.3f}***"

tests/unit/test_analytics_optimized.py::TestAnalyticsIntegration::test_rolling_analytics[60]
  /mnt/c/Users/alexf/OneDrive/Documents/Projects/Apple Health Exports/src/analytics/correlation_analyzer.py:165: FutureWarning: Setting an item of incompatible dtype is deprecated and will raise an error in a future version of pandas. Value '-0.393**' has dtype incompatible with float64, please explicitly cast to a compatible dtype first.
    result.iloc[i, j] = f"{corr_val:.3f}**"

tests/unit/test_analytics_optimized.py::TestAnalyticsIntegration::test_rolling_analytics[60]
  /mnt/c/Users/alexf/OneDrive/Documents/Projects/Apple Health Exports/src/analytics/correlation_analyzer.py:167: FutureWarning: Setting an item of incompatible dtype is deprecated and will raise an error in a future version of pandas. Value '0.285*' has dtype incompatible with float64, please explicitly cast to a compatible dtype first.
    result.iloc[i, j] = f"{corr_val:.3f}*"

tests/unit/test_analytics_optimized.py::TestAnalyticsIntegration::test_rolling_analytics[60]
  /mnt/c/Users/alexf/OneDrive/Documents/Projects/Apple Health Exports/src/analytics/correlation_analyzer.py:163: FutureWarning: Setting an item of incompatible dtype is deprecated and will raise an error in a future version of pandas. Value '0.849***' has dtype incompatible with float64, please explicitly cast to a compatible dtype first.
    result.iloc[i, j] = f"{corr_val:.3f}***"

tests/unit/test_analytics_optimized.py::TestAnalyticsIntegration::test_rolling_analytics[60]
  /mnt/c/Users/alexf/OneDrive/Documents/Projects/Apple Health Exports/src/analytics/correlation_analyzer.py:163: FutureWarning: Setting an item of incompatible dtype is deprecated and will raise an error in a future version of pandas. Value '0.957***' has dtype incompatible with float64, please explicitly cast to a compatible dtype first.
    result.iloc[i, j] = f"{corr_val:.3f}***"

tests/unit/test_analytics_optimized.py::TestAnalyticsIntegration::test_rolling_analytics[60]
  /mnt/c/Users/alexf/OneDrive/Documents/Projects/Apple Health Exports/src/analytics/correlation_analyzer.py:167: FutureWarning: Setting an item of incompatible dtype is deprecated and will raise an error in a future version of pandas. Value '-0.307*' has dtype incompatible with float64, please explicitly cast to a compatible dtype first.
    result.iloc[i, j] = f"{corr_val:.3f}*"

tests/unit/test_analytics_optimized.py::TestAnalyticsIntegration::test_rolling_analytics[90]
  /mnt/c/Users/alexf/OneDrive/Documents/Projects/Apple Health Exports/src/analytics/correlation_analyzer.py:163: FutureWarning: Setting an item of incompatible dtype is deprecated and will raise an error in a future version of pandas. Value '0.646***' has dtype incompatible with float64, please explicitly cast to a compatible dtype first.
    result.iloc[i, j] = f"{corr_val:.3f}***"

tests/unit/test_analytics_optimized.py::TestAnalyticsIntegration::test_rolling_analytics[90]
  /mnt/c/Users/alexf/OneDrive/Documents/Projects/Apple Health Exports/src/analytics/correlation_analyzer.py:163: FutureWarning: Setting an item of incompatible dtype is deprecated and will raise an error in a future version of pandas. Value '0.899***' has dtype incompatible with float64, please explicitly cast to a compatible dtype first.
    result.iloc[i, j] = f"{corr_val:.3f}***"

tests/unit/test_analytics_optimized.py::TestAnalyticsIntegration::test_rolling_analytics[90]
  /mnt/c/Users/alexf/OneDrive/Documents/Projects/Apple Health Exports/src/analytics/correlation_analyzer.py:163: FutureWarning: Setting an item of incompatible dtype is deprecated and will raise an error in a future version of pandas. Value '-0.410***' has dtype incompatible with float64, please explicitly cast to a compatible dtype first.
    result.iloc[i, j] = f"{corr_val:.3f}***"

tests/unit/test_analytics_optimized.py::TestAnalyticsIntegration::test_rolling_analytics[90]
  /mnt/c/Users/alexf/OneDrive/Documents/Projects/Apple Health Exports/src/analytics/correlation_analyzer.py:167: FutureWarning: Setting an item of incompatible dtype is deprecated and will raise an error in a future version of pandas. Value '0.222*' has dtype incompatible with float64, please explicitly cast to a compatible dtype first.
    result.iloc[i, j] = f"{corr_val:.3f}*"

tests/unit/test_analytics_optimized.py::TestAnalyticsIntegration::test_rolling_analytics[90]
  /mnt/c/Users/alexf/OneDrive/Documents/Projects/Apple Health Exports/src/analytics/correlation_analyzer.py:163: FutureWarning: Setting an item of incompatible dtype is deprecated and will raise an error in a future version of pandas. Value '0.631***' has dtype incompatible with float64, please explicitly cast to a compatible dtype first.
    result.iloc[i, j] = f"{corr_val:.3f}***"

tests/unit/test_analytics_optimized.py::TestAnalyticsIntegration::test_rolling_analytics[90]
  /mnt/c/Users/alexf/OneDrive/Documents/Projects/Apple Health Exports/src/analytics/correlation_analyzer.py:163: FutureWarning: Setting an item of incompatible dtype is deprecated and will raise an error in a future version of pandas. Value '0.887***' has dtype incompatible with float64, please explicitly cast to a compatible dtype first.
    result.iloc[i, j] = f"{corr_val:.3f}***"

tests/unit/test_analytics_optimized.py::TestAnalyticsIntegration::test_rolling_analytics[90]
  /mnt/c/Users/alexf/OneDrive/Documents/Projects/Apple Health Exports/src/analytics/correlation_analyzer.py:163: FutureWarning: Setting an item of incompatible dtype is deprecated and will raise an error in a future version of pandas. Value '-0.458***' has dtype incompatible with float64, please explicitly cast to a compatible dtype first.
    result.iloc[i, j] = f"{corr_val:.3f}***"

tests/unit/test_analytics_optimized.py::TestAnalyticsIntegration::test_rolling_analytics[90]
  /mnt/c/Users/alexf/OneDrive/Documents/Projects/Apple Health Exports/src/analytics/correlation_analyzer.py:163: FutureWarning: Setting an item of incompatible dtype is deprecated and will raise an error in a future version of pandas. Value '0.682***' has dtype incompatible with float64, please explicitly cast to a compatible dtype first.
    result.iloc[i, j] = f"{corr_val:.3f}***"

tests/unit/test_analytics_optimized.py::TestAnalyticsIntegration::test_rolling_analytics[90]
  /mnt/c/Users/alexf/OneDrive/Documents/Projects/Apple Health Exports/src/analytics/correlation_analyzer.py:163: FutureWarning: Setting an item of incompatible dtype is deprecated and will raise an error in a future version of pandas. Value '-0.556***' has dtype incompatible with float64, please explicitly cast to a compatible dtype first.
    result.iloc[i, j] = f"{corr_val:.3f}***"

tests/unit/test_comparative_analytics.py::TestComparisonResult::test_input_validation
  C:\Users\alexf\OneDrive\Documents\Projects\Apple Health Exports\tests\unit\test_comparative_analytics.py:368: DeprecationWarning: Direct DataFrame usage is deprecated. Please use DataSourceProtocol implementations.

-- Docs: https://docs.pytest.org/en/stable/how-to/capture-warnings.html
=========================== short test summary info ============================
FAILED tests/unit/test_accessibility_compliance.py::TestVisualizationAccessibilityManager::test_make_chart_accessible
FAILED tests/unit/test_accessibility_compliance.py::TestIntegration::test_full_accessibility_workflow
FAILED tests/unit/test_comparative_analytics.py::TestComparisonResult::test_error_handling_in_historical_comparison
FAILED tests/unit/test_comparison_overlay_calculator.py::TestComparisonOverlayCalculator::test_seasonal_component_calculation
FAILED tests/unit/test_daily_dashboard_navigation.py::TestDailyDashboardNavigation::test_navigation_with_data_loading
!!!!!!!!!!!!!!!!!!!!!!!!!! stopping after 5 failures !!!!!!!!!!!!!!!!!!!!!!!!!!!
================= 5 failed, 207 passed, 248 warnings in 46.16s =================
